<?xml version="1.0" encoding="UTF-8"?>
<testsuite xmlns:xsi="http://www.w3.org/2001/XMLSchema-instance" xsi:noNamespaceSchemaLocation="https://maven.apache.org/surefire/maven-failsafe-plugin/xsd/failsafe-test-report-3.0.xsd" version="3.0" name="starter.CucumberTestSuite" time="20.819" tests="1" errors="0" skipped="0" failures="0">
  <properties>
[...]
</properties>
  <testcase name="As user, I have be able to success login" classname="User be able to login" time="11.281">
    <system-out><![CDATA[10:53:45.819 [main] DEBUG net.thucydides.core.guice.Injectors - Created injector for module net.thucydides.core.guice.ThucydidesModule
10:53:46.303 [main] DEBUG io.cucumber.core.plugin.SerenityReporter - Running feature from file:///C:/Alterra%20Quality%20Engineer/Java/Web_UI_Serenity/src/test/resources/features/Login.feature
10:53:46.608 [main] DEBUG net.thucydides.core.guice.Injectors - Created injector for module net.thucydides.core.guice.webdriver.WebDriverModule
10:53:46.629 [main] INFO  - 

-------------------------------------------------------------------------------------
     _______. _______ .______       _______ .__   __.  __  .___________.____    ____ 
    /       ||   ____||   _  \     |   ____||  \ |  | |  | |           |\   \  /   / 
   |   (----`|  |__   |  |_)  |    |  |__   |   \|  | |  | `---|  |----` \   \/   /  
    \   \    |   __|  |      /     |   __|  |  . `  | |  |     |  |       \_    _/   
.----)   |   |  |____ |  |\  \----.|  |____ |  |\   | |  |     |  |         |  |     
|_______/    |_______|| _| `._____||_______||__| \__| |__|     |__|         |__|    
                                                                                     
 News and tutorials at http://www.serenity-bdd.info                                  
 Documentation at https://wakaleo.gitbooks.io/the-serenity-book/content/             
 Join the Serenity Community on Gitter: https://gitter.im/serenity-bdd/serenity-core 
 Serenity BDD Support and Training at http://serenity-bdd.info/#/trainingandsupport  
-------------------------------------------------------------------------------------

10:53:46.636 [main] DEBUG net.thucydides.core.steps.StepEventBus - Test suite started for story net.thucydides.core.model.Story@cfe40b2f
10:53:46.638 [main] INFO  - Test Suite Started: User be able to login
10:53:46.656 [main] DEBUG io.cucumber.core.plugin.SerenityReporter - Running feature from file:///C:/Alterra%20Quality%20Engineer/Java/Web_UI_Serenity/src/test/resources/features/Login.feature
10:53:46.659 [main] DEBUG net.thucydides.core.steps.StepEventBus - Test suite started for story net.thucydides.core.model.Story@cfe40b2f
10:53:46.660 [main] INFO  - Test Suite Started: User be able to login

Scenario: As user, I have be able to success login &amp#27;[90m# src/test/resources/features/Login.feature:6&amp#27;[0m
10:53:46.762 [main] DEBUG io.cucumber.core.plugin.SerenityReporter - Running feature from file:///C:/Alterra%20Quality%20Engineer/Java/Web_UI_Serenity/src/test/resources/features/Login.feature
10:53:46.935 [main] INFO  - 
  _____   ___   ___   _____     ___   _____     _     ___   _____   ___   ___  
 |_   _| | __| / __| |_   _|   / __| |_   _|   /_\   | _ \ |_   _| | __| |   \ 
   | |   | _|  \__ \   | |     \__ \   | |    / _ \  |   /   | |   | _|  | |) |
   |_|   |___| |___/   |_|     |___/   |_|   /_/ \_\ |_|_\   |_|   |___| |___/ 

As user, I have be able to success login(user-be-able-to-login;as-user--i-have-be-able-to-success-login)
--------------------------------------------------------------------------------
10:53:47.013 [main] DEBUG net.thucydides.core.requirements.model.cucumber.CucumberParser - Loading feature C:\Alterra Quality Engineer\Java\Web_UI_Serenity\src\test\resources\features\Login.feature
10:53:48.519 [main] DEBUG net.thucydides.core.steps.StepInterceptor - STARTING STEP: LoginSteps.onTheLoginPage - openPage
10:53:48.739 [main] INFO net.serenitybdd.core.webdriver.driverproviders.ChromeDriverProvider - Starting Chrome driver instance with capabilities:
10:53:48.743 [main] INFO net.serenitybdd.core.webdriver.driverproviders.ChromeDriverProvider - Capabilities {acceptInsecureCerts: false, browserName: chrome, goog:chromeOptions: {args: [remote-allow-origins=*], extensions: []}}
10:53:48.879 [main] DEBUG io.netty.util.internal.logging.InternalLoggerFactory - Using SLF4J as the default logging framework
10:53:48.884 [main] DEBUG io.netty.util.ResourceLeakDetector - -Dio.netty.leakDetection.level: simple
10:53:48.885 [main] DEBUG io.netty.util.ResourceLeakDetector - -Dio.netty.leakDetection.targetRecords: 4
10:53:48.890 [main] DEBUG io.netty.util.ResourceLeakDetectorFactory - Loaded default ResourceLeakDetector: io.netty.util.ResourceLeakDetector@14de1901
10:53:48.911 [main] DEBUG io.netty.util.internal.PlatformDependent0 - -Dio.netty.noUnsafe: false
10:53:48.912 [main] DEBUG io.netty.util.internal.PlatformDependent0 - Java version: 19
10:53:48.912 [main] DEBUG io.netty.util.internal.PlatformDependent0 - sun.misc.Unsafe.theUnsafe: available
10:53:48.913 [main] DEBUG io.netty.util.internal.PlatformDependent0 - sun.misc.Unsafe.copyMemory: available
10:53:48.913 [main] DEBUG io.netty.util.internal.PlatformDependent0 - sun.misc.Unsafe.storeFence: available
10:53:48.914 [main] DEBUG io.netty.util.internal.PlatformDependent0 - java.nio.Buffer.address: available
10:53:48.914 [main] DEBUG io.netty.util.internal.PlatformDependent0 - direct buffer constructor: unavailable: Reflective setAccessible(true) disabled
10:53:48.915 [main] DEBUG io.netty.util.internal.PlatformDependent0 - java.nio.Bits.unaligned: available, true
10:53:48.918 [main] DEBUG io.netty.util.internal.PlatformDependent0 - jdk.internal.misc.Unsafe.allocateUninitializedArray(int): unavailable: class io.netty.util.internal.PlatformDependent0$7 cannot access class jdk.internal.misc.Unsafe (in module java.base) because module java.base does not export jdk.internal.misc to unnamed module @696da30b
10:53:48.923 [main] DEBUG io.netty.util.internal.PlatformDependent0 - java.nio.DirectByteBuffer.<init>(long, int): unavailable
10:53:48.923 [main] DEBUG io.netty.util.internal.PlatformDependent - sun.misc.Unsafe: available
10:53:48.925 [main] DEBUG io.netty.util.internal.PlatformDependent - maxDirectMemory: 3185573888 bytes (maybe)
10:53:48.926 [main] DEBUG io.netty.util.internal.PlatformDependent - -Dio.netty.tmpdir: C:\Users\Dell\AppData\Local\Temp (java.io.tmpdir)
10:53:48.926 [main] DEBUG io.netty.util.internal.PlatformDependent - -Dio.netty.bitMode: 64 (sun.arch.data.model)
10:53:48.927 [main] DEBUG io.netty.util.internal.PlatformDependent - Platform: Windows
10:53:48.928 [main] DEBUG io.netty.util.internal.PlatformDependent - -Dio.netty.maxDirectMemory: -1 bytes
10:53:48.928 [main] DEBUG io.netty.util.internal.PlatformDependent - -Dio.netty.uninitializedArrayAllocationThreshold: -1
10:53:48.931 [main] DEBUG io.netty.util.internal.CleanerJava9 - java.nio.ByteBuffer.cleaner(): available
10:53:48.931 [main] DEBUG io.netty.util.internal.PlatformDependent - -Dio.netty.noPreferDirect: false
10:53:48.940 [main] DEBUG io.netty.util.internal.PlatformDependent - org.jctools-core.MpscChunkedArrayQueue: available
10:53:48.976 [main] DEBUG io.netty.util.internal.InternalThreadLocalMap - -Dio.netty.threadLocalMap.stringBuilder.initialSize: 1024
10:53:48.976 [main] DEBUG io.netty.util.internal.InternalThreadLocalMap - -Dio.netty.threadLocalMap.stringBuilder.maxSize: 4096
10:53:49.218 [main] DEBUG io.netty.handler.ssl.JdkSslContext - Default protocols (JDK): [TLSv1.3, TLSv1.2] 
10:53:49.219 [main] DEBUG io.netty.handler.ssl.JdkSslContext - Default cipher suites (JDK): [TLS_ECDHE_ECDSA_WITH_AES_256_GCM_SHA384, TLS_ECDHE_ECDSA_WITH_AES_128_GCM_SHA256, TLS_ECDHE_RSA_WITH_AES_128_GCM_SHA256, TLS_ECDHE_RSA_WITH_AES_256_GCM_SHA384, TLS_ECDHE_RSA_WITH_AES_128_CBC_SHA, TLS_ECDHE_RSA_WITH_AES_256_CBC_SHA, TLS_RSA_WITH_AES_128_GCM_SHA256, TLS_RSA_WITH_AES_128_CBC_SHA, TLS_RSA_WITH_AES_256_CBC_SHA, TLS_AES_128_GCM_SHA256, TLS_AES_256_GCM_SHA384]
10:53:49.261 [main] DEBUG io.netty.channel.MultithreadEventLoopGroup - -Dio.netty.eventLoopThreads: 8
10:53:49.270 [main] DEBUG io.netty.channel.nio.NioEventLoop - -Dio.netty.noKeySetOptimization: false
10:53:49.270 [main] DEBUG io.netty.channel.nio.NioEventLoop - -Dio.netty.selectorAutoRebuildThreshold: 512
10:53:49.322 [main] DEBUG io.netty.buffer.PooledByteBufAllocator - -Dio.netty.allocator.numHeapArenas: 8
10:53:49.322 [main] DEBUG io.netty.buffer.PooledByteBufAllocator - -Dio.netty.allocator.numDirectArenas: 8
10:53:49.322 [main] DEBUG io.netty.buffer.PooledByteBufAllocator - -Dio.netty.allocator.pageSize: 8192
10:53:49.323 [main] DEBUG io.netty.buffer.PooledByteBufAllocator - -Dio.netty.allocator.maxOrder: 9
10:53:49.323 [main] DEBUG io.netty.buffer.PooledByteBufAllocator - -Dio.netty.allocator.chunkSize: 4194304
10:53:49.323 [main] DEBUG io.netty.buffer.PooledByteBufAllocator - -Dio.netty.allocator.smallCacheSize: 256
10:53:49.323 [main] DEBUG io.netty.buffer.PooledByteBufAllocator - -Dio.netty.allocator.normalCacheSize: 64
10:53:49.323 [main] DEBUG io.netty.buffer.PooledByteBufAllocator - -Dio.netty.allocator.maxCachedBufferCapacity: 32768
10:53:49.323 [main] DEBUG io.netty.buffer.PooledByteBufAllocator - -Dio.netty.allocator.cacheTrimInterval: 8192
10:53:49.323 [main] DEBUG io.netty.buffer.PooledByteBufAllocator - -Dio.netty.allocator.cacheTrimIntervalMillis: 0
10:53:49.323 [main] DEBUG io.netty.buffer.PooledByteBufAllocator - -Dio.netty.allocator.useCacheForAllThreads: false
10:53:49.323 [main] DEBUG io.netty.buffer.PooledByteBufAllocator - -Dio.netty.allocator.maxCachedByteBuffersPerChunk: 1023
10:53:49.335 [main] DEBUG io.netty.buffer.ByteBufUtil - -Dio.netty.allocator.type: pooled
10:53:49.336 [main] DEBUG io.netty.buffer.ByteBufUtil - -Dio.netty.threadLocalDirectBufferSize: 0
10:53:49.336 [main] DEBUG io.netty.buffer.ByteBufUtil - -Dio.netty.maxThreadLocalCharBufferSize: 16384
10:53:49.774 [Forwarding newSession on session null to remote] DEBUG io.netty.channel.DefaultChannelId - -Dio.netty.processId: 2772 (auto-detected)
10:53:49.776 [Forwarding newSession on session null to remote] DEBUG io.netty.util.NetUtil - -Djava.net.preferIPv4Stack: false
10:53:49.776 [Forwarding newSession on session null to remote] DEBUG io.netty.util.NetUtil - -Djava.net.preferIPv6Addresses: false
10:53:49.785 [Forwarding newSession on session null to remote] DEBUG io.netty.util.NetUtilInitializations - Loopback interface: lo (Software Loopback Interface 1, 127.0.0.1)
10:53:49.785 [Forwarding newSession on session null to remote] DEBUG io.netty.util.NetUtil - Failed to get SOMAXCONN from sysctl and file \proc\sys\net\core\somaxconn. Default: 200
10:53:49.808 [Forwarding newSession on session null to remote] DEBUG io.netty.channel.DefaultChannelId - -Dio.netty.machineId: 40:23:43:ff:fe:a7:94:21 (auto-detected)
10:53:49.858 [AsyncHttpClient-1-2] DEBUG io.netty.buffer.AbstractByteBuf - -Dio.netty.buffer.checkAccessible: true
10:53:49.858 [AsyncHttpClient-1-2] DEBUG io.netty.buffer.AbstractByteBuf - -Dio.netty.buffer.checkBounds: true
10:53:49.858 [AsyncHttpClient-1-2] DEBUG io.netty.util.ResourceLeakDetectorFactory - Loaded default ResourceLeakDetector: io.netty.util.ResourceLeakDetector@4bb5fad1
10:53:49.869 [AsyncHttpClient-1-2] DEBUG org.asynchttpclient.netty.channel.NettyConnectListener - Using new Channel '[id: 0x7575b2e1, L:/127.0.0.1:50817 - R:localhost/127.0.0.1:29787]' for 'POST' to '/session'
10:53:49.885 [AsyncHttpClient-1-2] DEBUG io.netty.util.Recycler - -Dio.netty.recycler.maxCapacityPerThread: 4096
10:53:49.886 [AsyncHttpClient-1-2] DEBUG io.netty.util.Recycler - -Dio.netty.recycler.ratio: 8
10:53:49.886 [AsyncHttpClient-1-2] DEBUG io.netty.util.Recycler - -Dio.netty.recycler.chunkSize: 32
10:53:49.886 [AsyncHttpClient-1-2] DEBUG io.netty.util.Recycler - -Dio.netty.recycler.blocking: false
10:53:51.220 [AsyncHttpClient-1-2] DEBUG io.netty.handler.codec.compression.Brotli - brotli4j not in the classpath; Brotli support will be unavailable.
10:53:51.221 [AsyncHttpClient-1-2] DEBUG org.asynchttpclient.netty.handler.HttpHandler - 

Request DefaultHttpRequest(decodeResult: success, version: HTTP/1.1)
POST /session HTTP/1.1
User-Agent: selenium/4.8.1 (java windows)
Content-Length: 507
Content-Type: application/json; charset=utf-8
host: localhost:29787
accept: */*

Response DefaultHttpResponse(decodeResult: success, version: HTTP/1.1)
HTTP/1.1 200 OK
Content-Length: 859
Content-Type: application/json; charset=utf-8
cache-control: no-cache

10:53:51.234 [AsyncHttpClient-1-2] DEBUG org.asynchttpclient.netty.channel.ChannelManager - Adding key: http://localhost:29787 for channel [id: 0x7575b2e1, L:/127.0.0.1:50817 - R:localhost/127.0.0.1:29787]
10:53:51.353 [AsyncHttpClient-1-1] DEBUG org.asynchttpclient.netty.channel.DefaultChannelPool - Entry count for : http://localhost:29787 : 1
10:53:51.381 [AsyncHttpClient-1-3] DEBUG org.asynchttpclient.netty.channel.NettyConnectListener - Using new Channel '[id: 0x9dc8794f, L:/127.0.0.1:50824 - R:localhost/127.0.0.1:50818]' for 'GET' to '/json/version'
10:53:51.386 [AsyncHttpClient-1-3] DEBUG org.asynchttpclient.netty.handler.HttpHandler - 

Request DefaultFullHttpRequest(decodeResult: success, version: HTTP/1.1, content: EmptyByteBufBE)
GET /json/version HTTP/1.1
User-Agent: selenium/4.8.1 (java windows)
host: localhost:50818
accept: */*

Response DefaultHttpResponse(decodeResult: success, version: HTTP/1.1)
HTTP/1.1 200 OK
Content-Security-Policy: frame-ancestors 'none'
Content-Length: 424
Content-Type: application/json; charset=UTF-8

10:53:51.386 [AsyncHttpClient-1-3] DEBUG org.asynchttpclient.netty.channel.ChannelManager - Adding key: http://localhost:50818 for channel [id: 0x9dc8794f, L:/127.0.0.1:50824 - R:localhost/127.0.0.1:50818]
10:53:51.402 [main] DEBUG io.netty.util.internal.ThreadLocalRandom - -Dio.netty.initialSeedUniquifier: 0x4a94f7a31a0d7c15
10:53:51.406 [AsyncHttpClient-1-4] DEBUG org.asynchttpclient.netty.channel.NettyConnectListener - Using new Channel '[id: 0x6e97d567, L:/127.0.0.1:50825 - R:localhost/127.0.0.1:50818]' for 'GET' to '/devtools/browser/ef074153-c845-4387-b55a-debbbb1e959a'
10:53:51.409 [AsyncHttpClient-1-4] DEBUG org.asynchttpclient.netty.handler.WebSocketHandler - 

Request DefaultFullHttpRequest(decodeResult: success, version: HTTP/1.1, content: EmptyByteBufBE)
GET /devtools/browser/ef074153-c845-4387-b55a-debbbb1e959a HTTP/1.1
upgrade: websocket
connection: upgrade
sec-websocket-key: v3SvsfMZWw8RpgciYZwiRQ==
sec-websocket-version: 13
origin: http://localhost:50818
host: localhost:50818
accept: */*
user-agent: AHC/2.1

Response DefaultHttpResponse(decodeResult: success, version: HTTP/1.1)
HTTP/1.1 101 WebSocket Protocol Handshake
Upgrade: WebSocket
Connection: Upgrade
Sec-WebSocket-Accept: p4drhjdwPLmKun2xnBsJkqUdj+A=

10:53:51.562 [Forwarding get on session 0b95758974e30673851ad00f1abe9288 to remote] DEBUG org.asynchttpclient.netty.request.NettyRequestSender - Using pooled Channel '[id: 0x7575b2e1, L:/127.0.0.1:50817 - R:localhost/127.0.0.1:29787]' for 'POST' to 'http://localhost:29787/session/0b95758974e30673851ad00f1abe9288/url'
10:53:51.563 [Forwarding get on session 0b95758974e30673851ad00f1abe9288 to remote] DEBUG org.asynchttpclient.netty.request.NettyRequestSender - Using open Channel [id: 0x7575b2e1, L:/127.0.0.1:50817 - R:localhost/127.0.0.1:29787] for POST '/session/0b95758974e30673851ad00f1abe9288/url'
10:53:52.451 [AsyncHttpClient-1-1] DEBUG org.asynchttpclient.netty.channel.DefaultChannelPool - Entry count for : http://localhost:50818 : 1
10:53:53.551 [AsyncHttpClient-1-1] DEBUG org.asynchttpclient.netty.channel.DefaultChannelPool - Entry count for : http://localhost:50818 : 1
10:53:53.798 [AsyncHttpClient-1-2] DEBUG org.asynchttpclient.netty.handler.HttpHandler - 

Request DefaultHttpRequest(decodeResult: success, version: HTTP/1.1)
POST /session/0b95758974e30673851ad00f1abe9288/url HTTP/1.1
User-Agent: selenium/4.8.1 (java windows)
Content-Length: 56
Content-Type: application/json; charset=utf-8
host: localhost:29787
accept: */*

Response DefaultHttpResponse(decodeResult: success, version: HTTP/1.1)
HTTP/1.1 200 OK
Content-Length: 14
Content-Type: application/json; charset=utf-8
cache-control: no-cache

10:53:53.798 [AsyncHttpClient-1-2] DEBUG org.asynchttpclient.netty.channel.ChannelManager - Adding key: http://localhost:29787 for channel [id: 0x7575b2e1, L:/127.0.0.1:50817 - R:localhost/127.0.0.1:29787]
10:53:53.803 [Forwarding setTimeout on session 0b95758974e30673851ad00f1abe9288 to remote] DEBUG org.asynchttpclient.netty.request.NettyRequestSender - Using pooled Channel '[id: 0x7575b2e1, L:/127.0.0.1:50817 - R:localhost/127.0.0.1:29787]' for 'POST' to 'http://localhost:29787/session/0b95758974e30673851ad00f1abe9288/timeouts'
10:53:53.803 [Forwarding setTimeout on session 0b95758974e30673851ad00f1abe9288 to remote] DEBUG org.asynchttpclient.netty.request.NettyRequestSender - Using open Channel [id: 0x7575b2e1, L:/127.0.0.1:50817 - R:localhost/127.0.0.1:29787] for POST '/session/0b95758974e30673851ad00f1abe9288/timeouts'
10:53:53.805 [AsyncHttpClient-1-2] DEBUG org.asynchttpclient.netty.handler.HttpHandler - 

Request DefaultHttpRequest(decodeResult: success, version: HTTP/1.1)
POST /session/0b95758974e30673851ad00f1abe9288/timeouts HTTP/1.1
User-Agent: selenium/4.8.1 (java windows)
Content-Length: 22
Content-Type: application/json; charset=utf-8
host: localhost:29787
accept: */*

Response DefaultHttpResponse(decodeResult: success, version: HTTP/1.1)
HTTP/1.1 200 OK
Content-Length: 14
Content-Type: application/json; charset=utf-8
cache-control: no-cache

10:53:53.806 [AsyncHttpClient-1-2] DEBUG org.asynchttpclient.netty.channel.ChannelManager - Adding key: http://localhost:29787 for channel [id: 0x7575b2e1, L:/127.0.0.1:50817 - R:localhost/127.0.0.1:29787]
10:53:53.883 [main] DEBUG net.serenitybdd.core.photography.Darkroom - Opening darkroom
10:53:53.885 [Darkroom Processing Line] DEBUG net.serenitybdd.core.photography.DarkroomProcessingLine - Darkroom processing line starting up
10:53:53.901 [Forwarding getAlertText on session 0b95758974e30673851ad00f1abe9288 to remote] DEBUG org.asynchttpclient.netty.request.NettyRequestSender - Using pooled Channel '[id: 0x7575b2e1, L:/127.0.0.1:50817 - R:localhost/127.0.0.1:29787]' for 'GET' to 'http://localhost:29787/session/0b95758974e30673851ad00f1abe9288/alert/text'
10:53:53.901 [Forwarding getAlertText on session 0b95758974e30673851ad00f1abe9288 to remote] DEBUG org.asynchttpclient.netty.request.NettyRequestSender - Using open Channel [id: 0x7575b2e1, L:/127.0.0.1:50817 - R:localhost/127.0.0.1:29787] for GET '/session/0b95758974e30673851ad00f1abe9288/alert/text'
10:53:53.903 [AsyncHttpClient-1-2] DEBUG org.asynchttpclient.netty.handler.HttpHandler - 

Request DefaultFullHttpRequest(decodeResult: success, version: HTTP/1.1, content: EmptyByteBufBE)
GET /session/0b95758974e30673851ad00f1abe9288/alert/text HTTP/1.1
User-Agent: selenium/4.8.1 (java windows)
Cache-Control: no-cache
Content-Type: application/json; charset=utf-8
host: localhost:29787
accept: */*

Response DefaultHttpResponse(decodeResult: success, version: HTTP/1.1)
HTTP/1.1 404 Not Found
Content-Length: 809
Content-Type: application/json; charset=utf-8
cache-control: no-cache

10:53:53.904 [AsyncHttpClient-1-2] DEBUG org.asynchttpclient.netty.channel.ChannelManager - Adding key: http://localhost:29787 for channel [id: 0x7575b2e1, L:/127.0.0.1:50817 - R:localhost/127.0.0.1:29787]
10:53:53.911 [Forwarding getCurrentUrl on session 0b95758974e30673851ad00f1abe9288 to remote] DEBUG org.asynchttpclient.netty.request.NettyRequestSender - Using pooled Channel '[id: 0x7575b2e1, L:/127.0.0.1:50817 - R:localhost/127.0.0.1:29787]' for 'GET' to 'http://localhost:29787/session/0b95758974e30673851ad00f1abe9288/url'
10:53:53.911 [Forwarding getCurrentUrl on session 0b95758974e30673851ad00f1abe9288 to remote] DEBUG org.asynchttpclient.netty.request.NettyRequestSender - Using open Channel [id: 0x7575b2e1, L:/127.0.0.1:50817 - R:localhost/127.0.0.1:29787] for GET '/session/0b95758974e30673851ad00f1abe9288/url'
10:53:53.918 [AsyncHttpClient-1-2] DEBUG org.asynchttpclient.netty.handler.HttpHandler - 

Request DefaultFullHttpRequest(decodeResult: success, version: HTTP/1.1, content: EmptyByteBufBE)
GET /session/0b95758974e30673851ad00f1abe9288/url HTTP/1.1
User-Agent: selenium/4.8.1 (java windows)
Cache-Control: no-cache
Content-Type: application/json; charset=utf-8
host: localhost:29787
accept: */*

Response DefaultHttpResponse(decodeResult: success, version: HTTP/1.1)
HTTP/1.1 200 OK
Content-Length: 38
Content-Type: application/json; charset=utf-8
cache-control: no-cache

10:53:53.919 [AsyncHttpClient-1-2] DEBUG org.asynchttpclient.netty.channel.ChannelManager - Adding key: http://localhost:29787 for channel [id: 0x7575b2e1, L:/127.0.0.1:50817 - R:localhost/127.0.0.1:29787]
10:53:53.923 [Forwarding screenshot on session 0b95758974e30673851ad00f1abe9288 to remote] DEBUG org.asynchttpclient.netty.request.NettyRequestSender - Using pooled Channel '[id: 0x7575b2e1, L:/127.0.0.1:50817 - R:localhost/127.0.0.1:29787]' for 'GET' to 'http://localhost:29787/session/0b95758974e30673851ad00f1abe9288/screenshot'
10:53:53.924 [Forwarding screenshot on session 0b95758974e30673851ad00f1abe9288 to remote] DEBUG org.asynchttpclient.netty.request.NettyRequestSender - Using open Channel [id: 0x7575b2e1, L:/127.0.0.1:50817 - R:localhost/127.0.0.1:29787] for GET '/session/0b95758974e30673851ad00f1abe9288/screenshot'
10:53:54.007 [AsyncHttpClient-1-2] DEBUG org.asynchttpclient.netty.handler.HttpHandler - 

Request DefaultFullHttpRequest(decodeResult: success, version: HTTP/1.1, content: EmptyByteBufBE)
GET /session/0b95758974e30673851ad00f1abe9288/screenshot HTTP/1.1
User-Agent: selenium/4.8.1 (java windows)
Cache-Control: no-cache
Content-Type: application/json; charset=utf-8
host: localhost:29787
accept: */*

Response DefaultHttpResponse(decodeResult: success, version: HTTP/1.1)
HTTP/1.1 200 OK
Content-Length: 35528
Content-Type: application/json; charset=utf-8
cache-control: no-cache

10:53:54.008 [AsyncHttpClient-1-2] DEBUG org.asynchttpclient.netty.channel.ChannelManager - Adding key: http://localhost:29787 for channel [id: 0x7575b2e1, L:/127.0.0.1:50817 - R:localhost/127.0.0.1:29787]
10:53:54.091 [main] DEBUG net.serenitybdd.core.photography.Darkroom - Send negative for processing for target\site\serenity\b93c0990f7566d2594abf69d7550dff9a6f7596eb38cc94775245e3c201cbfc3.png
10:53:54.092 [Darkroom Processing Line] DEBUG net.serenitybdd.core.photography.DarkroomProcessingLine - Processing screenshot image in /var/screenshots/screenshot-3976544059162360453
10:53:54.092 [Darkroom Processing Line] DEBUG net.serenitybdd.core.photography.DarkroomProcessingLine - Saving screenshot to target\site\serenity\b93c0990f7566d2594abf69d7550dff9a6f7596eb38cc94775245e3c201cbfc3.png
10:53:54.095 [main] DEBUG net.thucydides.core.steps.StepInterceptor - STEP DONE: openPage
10:53:54.107 [Forwarding getPageSource on session 0b95758974e30673851ad00f1abe9288 to remote] DEBUG org.asynchttpclient.netty.request.NettyRequestSender - Using pooled Channel '[id: 0x7575b2e1, L:/127.0.0.1:50817 - R:localhost/127.0.0.1:29787]' for 'POST' to 'http://localhost:29787/session/0b95758974e30673851ad00f1abe9288/execute/sync'
10:53:54.107 [Forwarding getPageSource on session 0b95758974e30673851ad00f1abe9288 to remote] DEBUG org.asynchttpclient.netty.request.NettyRequestSender - Using open Channel [id: 0x7575b2e1, L:/127.0.0.1:50817 - R:localhost/127.0.0.1:29787] for POST '/session/0b95758974e30673851ad00f1abe9288/execute/sync'
10:53:54.113 [AsyncHttpClient-1-2] DEBUG org.asynchttpclient.netty.handler.HttpHandler - 

Request DefaultHttpRequest(decodeResult: success, version: HTTP/1.1)
POST /session/0b95758974e30673851ad00f1abe9288/execute/sync HTTP/1.1
User-Agent: selenium/4.8.1 (java windows)
Content-Length: 176
Content-Type: application/json; charset=utf-8
host: localhost:29787
accept: */*

Response DefaultHttpResponse(decodeResult: success, version: HTTP/1.1)
HTTP/1.1 200 OK
Content-Length: 4286
Content-Type: application/json; charset=utf-8
cache-control: no-cache

10:53:54.114 [AsyncHttpClient-1-2] DEBUG org.asynchttpclient.netty.channel.ChannelManager - Adding key: http://localhost:29787 for channel [id: 0x7575b2e1, L:/127.0.0.1:50817 - R:localhost/127.0.0.1:29787]
10:53:54.193 [Forwarding getCurrentUrl on session 0b95758974e30673851ad00f1abe9288 to remote] DEBUG org.asynchttpclient.netty.request.NettyRequestSender - Using pooled Channel '[id: 0x7575b2e1, L:/127.0.0.1:50817 - R:localhost/127.0.0.1:29787]' for 'GET' to 'http://localhost:29787/session/0b95758974e30673851ad00f1abe9288/url'
10:53:54.193 [Forwarding getCurrentUrl on session 0b95758974e30673851ad00f1abe9288 to remote] DEBUG org.asynchttpclient.netty.request.NettyRequestSender - Using open Channel [id: 0x7575b2e1, L:/127.0.0.1:50817 - R:localhost/127.0.0.1:29787] for GET '/session/0b95758974e30673851ad00f1abe9288/url'
10:53:54.198 [AsyncHttpClient-1-2] DEBUG org.asynchttpclient.netty.handler.HttpHandler - 

Request DefaultFullHttpRequest(decodeResult: success, version: HTTP/1.1, content: EmptyByteBufBE)
GET /session/0b95758974e30673851ad00f1abe9288/url HTTP/1.1
User-Agent: selenium/4.8.1 (java windows)
Cache-Control: no-cache
Content-Type: application/json; charset=utf-8
host: localhost:29787
accept: */*

Response DefaultHttpResponse(decodeResult: success, version: HTTP/1.1)
HTTP/1.1 200 OK
Content-Length: 38
Content-Type: application/json; charset=utf-8
cache-control: no-cache

10:53:54.199 [AsyncHttpClient-1-2] DEBUG org.asynchttpclient.netty.channel.ChannelManager - Adding key: http://localhost:29787 for channel [id: 0x7575b2e1, L:/127.0.0.1:50817 - R:localhost/127.0.0.1:29787]
10:53:54.218 [main] DEBUG net.thucydides.core.steps.StepInterceptor - STARTING STEP: LoginSteps.onTheLoginPage - validateOnLoginPage
10:53:54.229 [Forwarding findElement on session 0b95758974e30673851ad00f1abe9288 to remote] DEBUG org.asynchttpclient.netty.request.NettyRequestSender - Using pooled Channel '[id: 0x7575b2e1, L:/127.0.0.1:50817 - R:localhost/127.0.0.1:29787]' for 'POST' to 'http://localhost:29787/session/0b95758974e30673851ad00f1abe9288/element'
10:53:54.230 [Forwarding findElement on session 0b95758974e30673851ad00f1abe9288 to remote] DEBUG org.asynchttpclient.netty.request.NettyRequestSender - Using open Channel [id: 0x7575b2e1, L:/127.0.0.1:50817 - R:localhost/127.0.0.1:29787] for POST '/session/0b95758974e30673851ad00f1abe9288/element'
10:53:54.243 [AsyncHttpClient-1-2] DEBUG org.asynchttpclient.netty.handler.HttpHandler - 

Request DefaultHttpRequest(decodeResult: success, version: HTTP/1.1)
POST /session/0b95758974e30673851ad00f1abe9288/element HTTP/1.1
User-Agent: selenium/4.8.1 (java windows)
Content-Length: 59
Content-Type: application/json; charset=utf-8
host: localhost:29787
accept: */*

Response DefaultHttpResponse(decodeResult: success, version: HTTP/1.1)
HTTP/1.1 200 OK
Content-Length: 88
Content-Type: application/json; charset=utf-8
cache-control: no-cache

10:53:54.243 [AsyncHttpClient-1-2] DEBUG org.asynchttpclient.netty.channel.ChannelManager - Adding key: http://localhost:29787 for channel [id: 0x7575b2e1, L:/127.0.0.1:50817 - R:localhost/127.0.0.1:29787]
10:53:54.254 [Forwarding isElementDisplayed on session 0b95758974e30673851ad00f1abe9288 to remote] DEBUG org.asynchttpclient.netty.request.NettyRequestSender - Using pooled Channel '[id: 0x7575b2e1, L:/127.0.0.1:50817 - R:localhost/127.0.0.1:29787]' for 'POST' to 'http://localhost:29787/session/0b95758974e30673851ad00f1abe9288/execute/sync'
10:53:54.254 [Forwarding isElementDisplayed on session 0b95758974e30673851ad00f1abe9288 to remote] DEBUG org.asynchttpclient.netty.request.NettyRequestSender - Using open Channel [id: 0x7575b2e1, L:/127.0.0.1:50817 - R:localhost/127.0.0.1:29787] for POST '/session/0b95758974e30673851ad00f1abe9288/execute/sync'
10:53:54.271 [AsyncHttpClient-1-2] DEBUG org.asynchttpclient.netty.handler.HttpHandler - 

Request DefaultHttpRequest(decodeResult: success, version: HTTP/1.1)
POST /session/0b95758974e30673851ad00f1abe9288/execute/sync HTTP/1.1
User-Agent: selenium/4.8.1 (java windows)
Content-Length: 48807
Content-Type: application/json; charset=utf-8
host: localhost:29787
accept: */*

Response DefaultHttpResponse(decodeResult: success, version: HTTP/1.1)
HTTP/1.1 200 OK
Content-Length: 14
Content-Type: application/json; charset=utf-8
cache-control: no-cache

10:53:54.272 [AsyncHttpClient-1-2] DEBUG org.asynchttpclient.netty.channel.ChannelManager - Adding key: http://localhost:29787 for channel [id: 0x7575b2e1, L:/127.0.0.1:50817 - R:localhost/127.0.0.1:29787]
10:53:54.286 [Forwarding getAlertText on session 0b95758974e30673851ad00f1abe9288 to remote] DEBUG org.asynchttpclient.netty.request.NettyRequestSender - Using pooled Channel '[id: 0x7575b2e1, L:/127.0.0.1:50817 - R:localhost/127.0.0.1:29787]' for 'GET' to 'http://localhost:29787/session/0b95758974e30673851ad00f1abe9288/alert/text'
10:53:54.286 [Forwarding getAlertText on session 0b95758974e30673851ad00f1abe9288 to remote] DEBUG org.asynchttpclient.netty.request.NettyRequestSender - Using open Channel [id: 0x7575b2e1, L:/127.0.0.1:50817 - R:localhost/127.0.0.1:29787] for GET '/session/0b95758974e30673851ad00f1abe9288/alert/text'
10:53:54.288 [AsyncHttpClient-1-2] DEBUG org.asynchttpclient.netty.handler.HttpHandler - 

Request DefaultFullHttpRequest(decodeResult: success, version: HTTP/1.1, content: EmptyByteBufBE)
GET /session/0b95758974e30673851ad00f1abe9288/alert/text HTTP/1.1
User-Agent: selenium/4.8.1 (java windows)
Cache-Control: no-cache
Content-Type: application/json; charset=utf-8
host: localhost:29787
accept: */*

Response DefaultHttpResponse(decodeResult: success, version: HTTP/1.1)
HTTP/1.1 404 Not Found
Content-Length: 809
Content-Type: application/json; charset=utf-8
cache-control: no-cache

10:53:54.288 [AsyncHttpClient-1-2] DEBUG org.asynchttpclient.netty.channel.ChannelManager - Adding key: http://localhost:29787 for channel [id: 0x7575b2e1, L:/127.0.0.1:50817 - R:localhost/127.0.0.1:29787]
10:53:54.290 [Forwarding getCurrentUrl on session 0b95758974e30673851ad00f1abe9288 to remote] DEBUG org.asynchttpclient.netty.request.NettyRequestSender - Using pooled Channel '[id: 0x7575b2e1, L:/127.0.0.1:50817 - R:localhost/127.0.0.1:29787]' for 'GET' to 'http://localhost:29787/session/0b95758974e30673851ad00f1abe9288/url'
10:53:54.290 [Forwarding getCurrentUrl on session 0b95758974e30673851ad00f1abe9288 to remote] DEBUG org.asynchttpclient.netty.request.NettyRequestSender - Using open Channel [id: 0x7575b2e1, L:/127.0.0.1:50817 - R:localhost/127.0.0.1:29787] for GET '/session/0b95758974e30673851ad00f1abe9288/url'
10:53:54.295 [AsyncHttpClient-1-2] DEBUG org.asynchttpclient.netty.handler.HttpHandler - 

Request DefaultFullHttpRequest(decodeResult: success, version: HTTP/1.1, content: EmptyByteBufBE)
GET /session/0b95758974e30673851ad00f1abe9288/url HTTP/1.1
User-Agent: selenium/4.8.1 (java windows)
Cache-Control: no-cache
Content-Type: application/json; charset=utf-8
host: localhost:29787
accept: */*

Response DefaultHttpResponse(decodeResult: success, version: HTTP/1.1)
HTTP/1.1 200 OK
Content-Length: 38
Content-Type: application/json; charset=utf-8
cache-control: no-cache

10:53:54.295 [AsyncHttpClient-1-2] DEBUG org.asynchttpclient.netty.channel.ChannelManager - Adding key: http://localhost:29787 for channel [id: 0x7575b2e1, L:/127.0.0.1:50817 - R:localhost/127.0.0.1:29787]
10:53:54.297 [Forwarding screenshot on session 0b95758974e30673851ad00f1abe9288 to remote] DEBUG org.asynchttpclient.netty.request.NettyRequestSender - Using pooled Channel '[id: 0x7575b2e1, L:/127.0.0.1:50817 - R:localhost/127.0.0.1:29787]' for 'GET' to 'http://localhost:29787/session/0b95758974e30673851ad00f1abe9288/screenshot'
10:53:54.297 [Forwarding screenshot on session 0b95758974e30673851ad00f1abe9288 to remote] DEBUG org.asynchttpclient.netty.request.NettyRequestSender - Using open Channel [id: 0x7575b2e1, L:/127.0.0.1:50817 - R:localhost/127.0.0.1:29787] for GET '/session/0b95758974e30673851ad00f1abe9288/screenshot'
10:53:54.446 [AsyncHttpClient-1-2] DEBUG org.asynchttpclient.netty.handler.HttpHandler - 

Request DefaultFullHttpRequest(decodeResult: success, version: HTTP/1.1, content: EmptyByteBufBE)
GET /session/0b95758974e30673851ad00f1abe9288/screenshot HTTP/1.1
User-Agent: selenium/4.8.1 (java windows)
Cache-Control: no-cache
Content-Type: application/json; charset=utf-8
host: localhost:29787
accept: */*

Response DefaultHttpResponse(decodeResult: success, version: HTTP/1.1)
HTTP/1.1 200 OK
Content-Length: 35528
Content-Type: application/json; charset=utf-8
cache-control: no-cache

10:53:54.448 [AsyncHttpClient-1-2] DEBUG org.asynchttpclient.netty.channel.ChannelManager - Adding key: http://localhost:29787 for channel [id: 0x7575b2e1, L:/127.0.0.1:50817 - R:localhost/127.0.0.1:29787]
10:53:54.457 [main] DEBUG net.serenitybdd.core.photography.Darkroom - Send negative for processing for target\site\serenity\b93c0990f7566d2594abf69d7550dff9a6f7596eb38cc94775245e3c201cbfc3.png
10:53:54.457 [main] DEBUG net.thucydides.core.steps.StepInterceptor - STEP DONE: validateOnLoginPage
  &amp#27;[32mGiven &amp#27;[0m&amp#27;[32mI am on the login page&amp#27;[0m                     &amp#27;[90m# starter.stepdefinitions.LoginSteps.onTheLoginPage()&amp#27;[0m
10:53:54.505 [Forwarding getPageSource on session 0b95758974e30673851ad00f1abe9288 to remote] DEBUG org.asynchttpclient.netty.request.NettyRequestSender - Using pooled Channel '[id: 0x7575b2e1, L:/127.0.0.1:50817 - R:localhost/127.0.0.1:29787]' for 'POST' to 'http://localhost:29787/session/0b95758974e30673851ad00f1abe9288/execute/sync'
10:53:54.506 [Forwarding getPageSource on session 0b95758974e30673851ad00f1abe9288 to remote] DEBUG org.asynchttpclient.netty.request.NettyRequestSender - Using open Channel [id: 0x7575b2e1, L:/127.0.0.1:50817 - R:localhost/127.0.0.1:29787] for POST '/session/0b95758974e30673851ad00f1abe9288/execute/sync'
10:53:54.523 [AsyncHttpClient-1-2] DEBUG org.asynchttpclient.netty.handler.HttpHandler - 

Request DefaultHttpRequest(decodeResult: success, version: HTTP/1.1)
POST /session/0b95758974e30673851ad00f1abe9288/execute/sync HTTP/1.1
User-Agent: selenium/4.8.1 (java windows)
Content-Length: 176
Content-Type: application/json; charset=utf-8
host: localhost:29787
accept: */*

Response DefaultHttpResponse(decodeResult: success, version: HTTP/1.1)
HTTP/1.1 200 OK
Content-Length: 4286
Content-Type: application/json; charset=utf-8
cache-control: no-cache

10:53:54.523 [AsyncHttpClient-1-2] DEBUG org.asynchttpclient.netty.channel.ChannelManager - Adding key: http://localhost:29787 for channel [id: 0x7575b2e1, L:/127.0.0.1:50817 - R:localhost/127.0.0.1:29787]
10:53:54.535 [Forwarding getCurrentUrl on session 0b95758974e30673851ad00f1abe9288 to remote] DEBUG org.asynchttpclient.netty.request.NettyRequestSender - Using pooled Channel '[id: 0x7575b2e1, L:/127.0.0.1:50817 - R:localhost/127.0.0.1:29787]' for 'GET' to 'http://localhost:29787/session/0b95758974e30673851ad00f1abe9288/url'
10:53:54.535 [Forwarding getCurrentUrl on session 0b95758974e30673851ad00f1abe9288 to remote] DEBUG org.asynchttpclient.netty.request.NettyRequestSender - Using open Channel [id: 0x7575b2e1, L:/127.0.0.1:50817 - R:localhost/127.0.0.1:29787] for GET '/session/0b95758974e30673851ad00f1abe9288/url'
10:53:54.567 [AsyncHttpClient-1-2] DEBUG org.asynchttpclient.netty.handler.HttpHandler - 

Request DefaultFullHttpRequest(decodeResult: success, version: HTTP/1.1, content: EmptyByteBufBE)
GET /session/0b95758974e30673851ad00f1abe9288/url HTTP/1.1
User-Agent: selenium/4.8.1 (java windows)
Cache-Control: no-cache
Content-Type: application/json; charset=utf-8
host: localhost:29787
accept: */*

Response DefaultHttpResponse(decodeResult: success, version: HTTP/1.1)
HTTP/1.1 200 OK
Content-Length: 38
Content-Type: application/json; charset=utf-8
cache-control: no-cache

10:53:54.568 [AsyncHttpClient-1-2] DEBUG org.asynchttpclient.netty.channel.ChannelManager - Adding key: http://localhost:29787 for channel [id: 0x7575b2e1, L:/127.0.0.1:50817 - R:localhost/127.0.0.1:29787]
10:53:54.592 [Forwarding getAlertText on session 0b95758974e30673851ad00f1abe9288 to remote] DEBUG org.asynchttpclient.netty.request.NettyRequestSender - Using pooled Channel '[id: 0x7575b2e1, L:/127.0.0.1:50817 - R:localhost/127.0.0.1:29787]' for 'GET' to 'http://localhost:29787/session/0b95758974e30673851ad00f1abe9288/alert/text'
10:53:54.592 [Forwarding getAlertText on session 0b95758974e30673851ad00f1abe9288 to remote] DEBUG org.asynchttpclient.netty.request.NettyRequestSender - Using open Channel [id: 0x7575b2e1, L:/127.0.0.1:50817 - R:localhost/127.0.0.1:29787] for GET '/session/0b95758974e30673851ad00f1abe9288/alert/text'
10:53:54.603 [AsyncHttpClient-1-2] DEBUG org.asynchttpclient.netty.handler.HttpHandler - 

Request DefaultFullHttpRequest(decodeResult: success, version: HTTP/1.1, content: EmptyByteBufBE)
GET /session/0b95758974e30673851ad00f1abe9288/alert/text HTTP/1.1
User-Agent: selenium/4.8.1 (java windows)
Cache-Control: no-cache
Content-Type: application/json; charset=utf-8
host: localhost:29787
accept: */*

Response DefaultHttpResponse(decodeResult: success, version: HTTP/1.1)
HTTP/1.1 404 Not Found
Content-Length: 809
Content-Type: application/json; charset=utf-8
cache-control: no-cache

10:53:54.604 [AsyncHttpClient-1-2] DEBUG org.asynchttpclient.netty.channel.ChannelManager - Adding key: http://localhost:29787 for channel [id: 0x7575b2e1, L:/127.0.0.1:50817 - R:localhost/127.0.0.1:29787]
10:53:54.614 [Forwarding getCurrentUrl on session 0b95758974e30673851ad00f1abe9288 to remote] DEBUG org.asynchttpclient.netty.request.NettyRequestSender - Using pooled Channel '[id: 0x7575b2e1, L:/127.0.0.1:50817 - R:localhost/127.0.0.1:29787]' for 'GET' to 'http://localhost:29787/session/0b95758974e30673851ad00f1abe9288/url'
10:53:54.614 [Forwarding getCurrentUrl on session 0b95758974e30673851ad00f1abe9288 to remote] DEBUG org.asynchttpclient.netty.request.NettyRequestSender - Using open Channel [id: 0x7575b2e1, L:/127.0.0.1:50817 - R:localhost/127.0.0.1:29787] for GET '/session/0b95758974e30673851ad00f1abe9288/url'
10:53:54.619 [AsyncHttpClient-1-2] DEBUG org.asynchttpclient.netty.handler.HttpHandler - 

Request DefaultFullHttpRequest(decodeResult: success, version: HTTP/1.1, content: EmptyByteBufBE)
GET /session/0b95758974e30673851ad00f1abe9288/url HTTP/1.1
User-Agent: selenium/4.8.1 (java windows)
Cache-Control: no-cache
Content-Type: application/json; charset=utf-8
host: localhost:29787
accept: */*

Response DefaultHttpResponse(decodeResult: success, version: HTTP/1.1)
HTTP/1.1 200 OK
Content-Length: 38
Content-Type: application/json; charset=utf-8
cache-control: no-cache

10:53:54.619 [AsyncHttpClient-1-2] DEBUG org.asynchttpclient.netty.channel.ChannelManager - Adding key: http://localhost:29787 for channel [id: 0x7575b2e1, L:/127.0.0.1:50817 - R:localhost/127.0.0.1:29787]
10:53:54.622 [Forwarding screenshot on session 0b95758974e30673851ad00f1abe9288 to remote] DEBUG org.asynchttpclient.netty.request.NettyRequestSender - Using pooled Channel '[id: 0x7575b2e1, L:/127.0.0.1:50817 - R:localhost/127.0.0.1:29787]' for 'GET' to 'http://localhost:29787/session/0b95758974e30673851ad00f1abe9288/screenshot'
10:53:54.622 [Forwarding screenshot on session 0b95758974e30673851ad00f1abe9288 to remote] DEBUG org.asynchttpclient.netty.request.NettyRequestSender - Using open Channel [id: 0x7575b2e1, L:/127.0.0.1:50817 - R:localhost/127.0.0.1:29787] for GET '/session/0b95758974e30673851ad00f1abe9288/screenshot'
10:53:54.655 [AsyncHttpClient-1-1] DEBUG org.asynchttpclient.netty.channel.DefaultChannelPool - Entry count for : http://localhost:50818 : 1
10:53:54.744 [AsyncHttpClient-1-2] DEBUG org.asynchttpclient.netty.handler.HttpHandler - 

Request DefaultFullHttpRequest(decodeResult: success, version: HTTP/1.1, content: EmptyByteBufBE)
GET /session/0b95758974e30673851ad00f1abe9288/screenshot HTTP/1.1
User-Agent: selenium/4.8.1 (java windows)
Cache-Control: no-cache
Content-Type: application/json; charset=utf-8
host: localhost:29787
accept: */*

Response DefaultHttpResponse(decodeResult: success, version: HTTP/1.1)
HTTP/1.1 200 OK
Content-Length: 35528
Content-Type: application/json; charset=utf-8
cache-control: no-cache

10:53:54.745 [AsyncHttpClient-1-2] DEBUG org.asynchttpclient.netty.channel.ChannelManager - Adding key: http://localhost:29787 for channel [id: 0x7575b2e1, L:/127.0.0.1:50817 - R:localhost/127.0.0.1:29787]
10:53:54.751 [main] DEBUG net.serenitybdd.core.photography.Darkroom - Send negative for processing for target\site\serenity\b93c0990f7566d2594abf69d7550dff9a6f7596eb38cc94775245e3c201cbfc3.png
10:53:54.755 [Forwarding getPageSource on session 0b95758974e30673851ad00f1abe9288 to remote] DEBUG org.asynchttpclient.netty.request.NettyRequestSender - Using pooled Channel '[id: 0x7575b2e1, L:/127.0.0.1:50817 - R:localhost/127.0.0.1:29787]' for 'POST' to 'http://localhost:29787/session/0b95758974e30673851ad00f1abe9288/execute/sync'
10:53:54.755 [Forwarding getPageSource on session 0b95758974e30673851ad00f1abe9288 to remote] DEBUG org.asynchttpclient.netty.request.NettyRequestSender - Using open Channel [id: 0x7575b2e1, L:/127.0.0.1:50817 - R:localhost/127.0.0.1:29787] for POST '/session/0b95758974e30673851ad00f1abe9288/execute/sync'
10:53:54.761 [AsyncHttpClient-1-2] DEBUG org.asynchttpclient.netty.handler.HttpHandler - 

Request DefaultHttpRequest(decodeResult: success, version: HTTP/1.1)
POST /session/0b95758974e30673851ad00f1abe9288/execute/sync HTTP/1.1
User-Agent: selenium/4.8.1 (java windows)
Content-Length: 176
Content-Type: application/json; charset=utf-8
host: localhost:29787
accept: */*

Response DefaultHttpResponse(decodeResult: success, version: HTTP/1.1)
HTTP/1.1 200 OK
Content-Length: 4286
Content-Type: application/json; charset=utf-8
cache-control: no-cache

10:53:54.761 [AsyncHttpClient-1-2] DEBUG org.asynchttpclient.netty.channel.ChannelManager - Adding key: http://localhost:29787 for channel [id: 0x7575b2e1, L:/127.0.0.1:50817 - R:localhost/127.0.0.1:29787]
10:53:54.766 [Forwarding getCurrentUrl on session 0b95758974e30673851ad00f1abe9288 to remote] DEBUG org.asynchttpclient.netty.request.NettyRequestSender - Using pooled Channel '[id: 0x7575b2e1, L:/127.0.0.1:50817 - R:localhost/127.0.0.1:29787]' for 'GET' to 'http://localhost:29787/session/0b95758974e30673851ad00f1abe9288/url'
10:53:54.768 [Forwarding getCurrentUrl on session 0b95758974e30673851ad00f1abe9288 to remote] DEBUG org.asynchttpclient.netty.request.NettyRequestSender - Using open Channel [id: 0x7575b2e1, L:/127.0.0.1:50817 - R:localhost/127.0.0.1:29787] for GET '/session/0b95758974e30673851ad00f1abe9288/url'
10:53:54.794 [AsyncHttpClient-1-2] DEBUG org.asynchttpclient.netty.handler.HttpHandler - 

Request DefaultFullHttpRequest(decodeResult: success, version: HTTP/1.1, content: EmptyByteBufBE)
GET /session/0b95758974e30673851ad00f1abe9288/url HTTP/1.1
User-Agent: selenium/4.8.1 (java windows)
Cache-Control: no-cache
Content-Type: application/json; charset=utf-8
host: localhost:29787
accept: */*

Response DefaultHttpResponse(decodeResult: success, version: HTTP/1.1)
HTTP/1.1 200 OK
Content-Length: 38
Content-Type: application/json; charset=utf-8
cache-control: no-cache

10:53:54.795 [AsyncHttpClient-1-2] DEBUG org.asynchttpclient.netty.channel.ChannelManager - Adding key: http://localhost:29787 for channel [id: 0x7575b2e1, L:/127.0.0.1:50817 - R:localhost/127.0.0.1:29787]
10:53:54.803 [main] DEBUG net.thucydides.core.steps.StepInterceptor - STARTING STEP: LoginSteps.inputValidUserName - inputUserName
10:53:54.816 [Forwarding findElement on session 0b95758974e30673851ad00f1abe9288 to remote] DEBUG org.asynchttpclient.netty.request.NettyRequestSender - Using pooled Channel '[id: 0x7575b2e1, L:/127.0.0.1:50817 - R:localhost/127.0.0.1:29787]' for 'POST' to 'http://localhost:29787/session/0b95758974e30673851ad00f1abe9288/element'
10:53:54.816 [Forwarding findElement on session 0b95758974e30673851ad00f1abe9288 to remote] DEBUG org.asynchttpclient.netty.request.NettyRequestSender - Using open Channel [id: 0x7575b2e1, L:/127.0.0.1:50817 - R:localhost/127.0.0.1:29787] for POST '/session/0b95758974e30673851ad00f1abe9288/element'
10:53:54.853 [AsyncHttpClient-1-2] DEBUG org.asynchttpclient.netty.handler.HttpHandler - 

Request DefaultHttpRequest(decodeResult: success, version: HTTP/1.1)
POST /session/0b95758974e30673851ad00f1abe9288/element HTTP/1.1
User-Agent: selenium/4.8.1 (java windows)
Content-Length: 56
Content-Type: application/json; charset=utf-8
host: localhost:29787
accept: */*

Response DefaultHttpResponse(decodeResult: success, version: HTTP/1.1)
HTTP/1.1 200 OK
Content-Length: 88
Content-Type: application/json; charset=utf-8
cache-control: no-cache

10:53:54.854 [AsyncHttpClient-1-2] DEBUG org.asynchttpclient.netty.channel.ChannelManager - Adding key: http://localhost:29787 for channel [id: 0x7575b2e1, L:/127.0.0.1:50817 - R:localhost/127.0.0.1:29787]
10:53:54.857 [Forwarding clearElement on session 0b95758974e30673851ad00f1abe9288 to remote] DEBUG org.asynchttpclient.netty.request.NettyRequestSender - Using pooled Channel '[id: 0x7575b2e1, L:/127.0.0.1:50817 - R:localhost/127.0.0.1:29787]' for 'POST' to 'http://localhost:29787/session/0b95758974e30673851ad00f1abe9288/element/31c83f74-3a3a-4f42-b233-cb22c5c3d275/clear'
10:53:54.857 [Forwarding clearElement on session 0b95758974e30673851ad00f1abe9288 to remote] DEBUG org.asynchttpclient.netty.request.NettyRequestSender - Using open Channel [id: 0x7575b2e1, L:/127.0.0.1:50817 - R:localhost/127.0.0.1:29787] for POST '/session/0b95758974e30673851ad00f1abe9288/element/31c83f74-3a3a-4f42-b233-cb22c5c3d275/clear'
10:53:54.899 [AsyncHttpClient-1-2] DEBUG org.asynchttpclient.netty.handler.HttpHandler - 

Request DefaultHttpRequest(decodeResult: success, version: HTTP/1.1)
POST /session/0b95758974e30673851ad00f1abe9288/element/31c83f74-3a3a-4f42-b233-cb22c5c3d275/clear HTTP/1.1
User-Agent: selenium/4.8.1 (java windows)
Content-Length: 50
Content-Type: application/json; charset=utf-8
host: localhost:29787
accept: */*

Response DefaultHttpResponse(decodeResult: success, version: HTTP/1.1)
HTTP/1.1 200 OK
Content-Length: 14
Content-Type: application/json; charset=utf-8
cache-control: no-cache

10:53:54.899 [AsyncHttpClient-1-2] DEBUG org.asynchttpclient.netty.channel.ChannelManager - Adding key: http://localhost:29787 for channel [id: 0x7575b2e1, L:/127.0.0.1:50817 - R:localhost/127.0.0.1:29787]
10:53:54.907 [Forwarding sendKeysToElement on session 0b95758974e30673851ad00f1abe9288 to remote] DEBUG org.asynchttpclient.netty.request.NettyRequestSender - Using pooled Channel '[id: 0x7575b2e1, L:/127.0.0.1:50817 - R:localhost/127.0.0.1:29787]' for 'POST' to 'http://localhost:29787/session/0b95758974e30673851ad00f1abe9288/element/31c83f74-3a3a-4f42-b233-cb22c5c3d275/value'
10:53:54.908 [Forwarding sendKeysToElement on session 0b95758974e30673851ad00f1abe9288 to remote] DEBUG org.asynchttpclient.netty.request.NettyRequestSender - Using open Channel [id: 0x7575b2e1, L:/127.0.0.1:50817 - R:localhost/127.0.0.1:29787] for POST '/session/0b95758974e30673851ad00f1abe9288/element/31c83f74-3a3a-4f42-b233-cb22c5c3d275/value'
10:53:55.041 [AsyncHttpClient-1-2] DEBUG org.asynchttpclient.netty.handler.HttpHandler - 

Request DefaultHttpRequest(decodeResult: success, version: HTTP/1.1)
POST /session/0b95758974e30673851ad00f1abe9288/element/31c83f74-3a3a-4f42-b233-cb22c5c3d275/value HTTP/1.1
User-Agent: selenium/4.8.1 (java windows)
Content-Length: 211
Content-Type: application/json; charset=utf-8
host: localhost:29787
accept: */*

Response DefaultHttpResponse(decodeResult: success, version: HTTP/1.1)
HTTP/1.1 200 OK
Content-Length: 14
Content-Type: application/json; charset=utf-8
cache-control: no-cache

10:53:55.041 [AsyncHttpClient-1-2] DEBUG org.asynchttpclient.netty.channel.ChannelManager - Adding key: http://localhost:29787 for channel [id: 0x7575b2e1, L:/127.0.0.1:50817 - R:localhost/127.0.0.1:29787]
10:53:55.059 [Forwarding getAlertText on session 0b95758974e30673851ad00f1abe9288 to remote] DEBUG org.asynchttpclient.netty.request.NettyRequestSender - Using pooled Channel '[id: 0x7575b2e1, L:/127.0.0.1:50817 - R:localhost/127.0.0.1:29787]' for 'GET' to 'http://localhost:29787/session/0b95758974e30673851ad00f1abe9288/alert/text'
10:53:55.060 [Forwarding getAlertText on session 0b95758974e30673851ad00f1abe9288 to remote] DEBUG org.asynchttpclient.netty.request.NettyRequestSender - Using open Channel [id: 0x7575b2e1, L:/127.0.0.1:50817 - R:localhost/127.0.0.1:29787] for GET '/session/0b95758974e30673851ad00f1abe9288/alert/text'
10:53:55.063 [AsyncHttpClient-1-2] DEBUG org.asynchttpclient.netty.handler.HttpHandler - 

Request DefaultFullHttpRequest(decodeResult: success, version: HTTP/1.1, content: EmptyByteBufBE)
GET /session/0b95758974e30673851ad00f1abe9288/alert/text HTTP/1.1
User-Agent: selenium/4.8.1 (java windows)
Cache-Control: no-cache
Content-Type: application/json; charset=utf-8
host: localhost:29787
accept: */*

Response DefaultHttpResponse(decodeResult: success, version: HTTP/1.1)
HTTP/1.1 404 Not Found
Content-Length: 809
Content-Type: application/json; charset=utf-8
cache-control: no-cache

10:53:55.064 [AsyncHttpClient-1-2] DEBUG org.asynchttpclient.netty.channel.ChannelManager - Adding key: http://localhost:29787 for channel [id: 0x7575b2e1, L:/127.0.0.1:50817 - R:localhost/127.0.0.1:29787]
10:53:55.066 [Forwarding getCurrentUrl on session 0b95758974e30673851ad00f1abe9288 to remote] DEBUG org.asynchttpclient.netty.request.NettyRequestSender - Using pooled Channel '[id: 0x7575b2e1, L:/127.0.0.1:50817 - R:localhost/127.0.0.1:29787]' for 'GET' to 'http://localhost:29787/session/0b95758974e30673851ad00f1abe9288/url'
10:53:55.067 [Forwarding getCurrentUrl on session 0b95758974e30673851ad00f1abe9288 to remote] DEBUG org.asynchttpclient.netty.request.NettyRequestSender - Using open Channel [id: 0x7575b2e1, L:/127.0.0.1:50817 - R:localhost/127.0.0.1:29787] for GET '/session/0b95758974e30673851ad00f1abe9288/url'
10:53:55.075 [AsyncHttpClient-1-2] DEBUG org.asynchttpclient.netty.handler.HttpHandler - 

Request DefaultFullHttpRequest(decodeResult: success, version: HTTP/1.1, content: EmptyByteBufBE)
GET /session/0b95758974e30673851ad00f1abe9288/url HTTP/1.1
User-Agent: selenium/4.8.1 (java windows)
Cache-Control: no-cache
Content-Type: application/json; charset=utf-8
host: localhost:29787
accept: */*

Response DefaultHttpResponse(decodeResult: success, version: HTTP/1.1)
HTTP/1.1 200 OK
Content-Length: 38
Content-Type: application/json; charset=utf-8
cache-control: no-cache

10:53:55.075 [AsyncHttpClient-1-2] DEBUG org.asynchttpclient.netty.channel.ChannelManager - Adding key: http://localhost:29787 for channel [id: 0x7575b2e1, L:/127.0.0.1:50817 - R:localhost/127.0.0.1:29787]
10:53:55.077 [Forwarding screenshot on session 0b95758974e30673851ad00f1abe9288 to remote] DEBUG org.asynchttpclient.netty.request.NettyRequestSender - Using pooled Channel '[id: 0x7575b2e1, L:/127.0.0.1:50817 - R:localhost/127.0.0.1:29787]' for 'GET' to 'http://localhost:29787/session/0b95758974e30673851ad00f1abe9288/screenshot'
10:53:55.077 [Forwarding screenshot on session 0b95758974e30673851ad00f1abe9288 to remote] DEBUG org.asynchttpclient.netty.request.NettyRequestSender - Using open Channel [id: 0x7575b2e1, L:/127.0.0.1:50817 - R:localhost/127.0.0.1:29787] for GET '/session/0b95758974e30673851ad00f1abe9288/screenshot'
10:53:55.182 [AsyncHttpClient-1-2] DEBUG org.asynchttpclient.netty.handler.HttpHandler - 

Request DefaultFullHttpRequest(decodeResult: success, version: HTTP/1.1, content: EmptyByteBufBE)
GET /session/0b95758974e30673851ad00f1abe9288/screenshot HTTP/1.1
User-Agent: selenium/4.8.1 (java windows)
Cache-Control: no-cache
Content-Type: application/json; charset=utf-8
host: localhost:29787
accept: */*

Response DefaultHttpResponse(decodeResult: success, version: HTTP/1.1)
HTTP/1.1 200 OK
Content-Length: 36232
Content-Type: application/json; charset=utf-8
cache-control: no-cache

10:53:55.183 [AsyncHttpClient-1-2] DEBUG org.asynchttpclient.netty.channel.ChannelManager - Adding key: http://localhost:29787 for channel [id: 0x7575b2e1, L:/127.0.0.1:50817 - R:localhost/127.0.0.1:29787]
10:53:55.189 [main] DEBUG net.serenitybdd.core.photography.Darkroom - Send negative for processing for target\site\serenity\a39b3663ece54c6f9a54208c9b9e2aae4889c0f0b53ccfd5a8fe53ad8d22ec43.png
10:53:55.190 [main] DEBUG net.thucydides.core.steps.StepInterceptor - STEP DONE: inputUserName
  &amp#27;[32mWhen &amp#27;[0m&amp#27;[32mI input valid username&amp#27;[0m                      &amp#27;[90m# starter.stepdefinitions.LoginSteps.inputValidUserName()&amp#27;[0m
10:53:55.191 [Darkroom Processing Line] DEBUG net.serenitybdd.core.photography.DarkroomProcessingLine - Processing screenshot image in /var/screenshots/screenshot-9872116310485233594
10:53:55.191 [Darkroom Processing Line] DEBUG net.serenitybdd.core.photography.DarkroomProcessingLine - Saving screenshot to target\site\serenity\a39b3663ece54c6f9a54208c9b9e2aae4889c0f0b53ccfd5a8fe53ad8d22ec43.png
10:53:55.214 [Forwarding getPageSource on session 0b95758974e30673851ad00f1abe9288 to remote] DEBUG org.asynchttpclient.netty.request.NettyRequestSender - Using pooled Channel '[id: 0x7575b2e1, L:/127.0.0.1:50817 - R:localhost/127.0.0.1:29787]' for 'POST' to 'http://localhost:29787/session/0b95758974e30673851ad00f1abe9288/execute/sync'
10:53:55.214 [Forwarding getPageSource on session 0b95758974e30673851ad00f1abe9288 to remote] DEBUG org.asynchttpclient.netty.request.NettyRequestSender - Using open Channel [id: 0x7575b2e1, L:/127.0.0.1:50817 - R:localhost/127.0.0.1:29787] for POST '/session/0b95758974e30673851ad00f1abe9288/execute/sync'
10:53:55.234 [AsyncHttpClient-1-2] DEBUG org.asynchttpclient.netty.handler.HttpHandler - 

Request DefaultHttpRequest(decodeResult: success, version: HTTP/1.1)
POST /session/0b95758974e30673851ad00f1abe9288/execute/sync HTTP/1.1
User-Agent: selenium/4.8.1 (java windows)
Content-Length: 176
Content-Type: application/json; charset=utf-8
host: localhost:29787
accept: */*

Response DefaultHttpResponse(decodeResult: success, version: HTTP/1.1)
HTTP/1.1 200 OK
Content-Length: 4299
Content-Type: application/json; charset=utf-8
cache-control: no-cache

10:53:55.235 [AsyncHttpClient-1-2] DEBUG org.asynchttpclient.netty.channel.ChannelManager - Adding key: http://localhost:29787 for channel [id: 0x7575b2e1, L:/127.0.0.1:50817 - R:localhost/127.0.0.1:29787]
10:53:55.245 [Forwarding getCurrentUrl on session 0b95758974e30673851ad00f1abe9288 to remote] DEBUG org.asynchttpclient.netty.request.NettyRequestSender - Using pooled Channel '[id: 0x7575b2e1, L:/127.0.0.1:50817 - R:localhost/127.0.0.1:29787]' for 'GET' to 'http://localhost:29787/session/0b95758974e30673851ad00f1abe9288/url'
10:53:55.246 [Forwarding getCurrentUrl on session 0b95758974e30673851ad00f1abe9288 to remote] DEBUG org.asynchttpclient.netty.request.NettyRequestSender - Using open Channel [id: 0x7575b2e1, L:/127.0.0.1:50817 - R:localhost/127.0.0.1:29787] for GET '/session/0b95758974e30673851ad00f1abe9288/url'
10:53:55.253 [AsyncHttpClient-1-2] DEBUG org.asynchttpclient.netty.handler.HttpHandler - 

Request DefaultFullHttpRequest(decodeResult: success, version: HTTP/1.1, content: EmptyByteBufBE)
GET /session/0b95758974e30673851ad00f1abe9288/url HTTP/1.1
User-Agent: selenium/4.8.1 (java windows)
Cache-Control: no-cache
Content-Type: application/json; charset=utf-8
host: localhost:29787
accept: */*

Response DefaultHttpResponse(decodeResult: success, version: HTTP/1.1)
HTTP/1.1 200 OK
Content-Length: 38
Content-Type: application/json; charset=utf-8
cache-control: no-cache

10:53:55.254 [AsyncHttpClient-1-2] DEBUG org.asynchttpclient.netty.channel.ChannelManager - Adding key: http://localhost:29787 for channel [id: 0x7575b2e1, L:/127.0.0.1:50817 - R:localhost/127.0.0.1:29787]
10:53:55.275 [Forwarding getAlertText on session 0b95758974e30673851ad00f1abe9288 to remote] DEBUG org.asynchttpclient.netty.request.NettyRequestSender - Using pooled Channel '[id: 0x7575b2e1, L:/127.0.0.1:50817 - R:localhost/127.0.0.1:29787]' for 'GET' to 'http://localhost:29787/session/0b95758974e30673851ad00f1abe9288/alert/text'
10:53:55.275 [Forwarding getAlertText on session 0b95758974e30673851ad00f1abe9288 to remote] DEBUG org.asynchttpclient.netty.request.NettyRequestSender - Using open Channel [id: 0x7575b2e1, L:/127.0.0.1:50817 - R:localhost/127.0.0.1:29787] for GET '/session/0b95758974e30673851ad00f1abe9288/alert/text'
10:53:55.276 [AsyncHttpClient-1-2] DEBUG org.asynchttpclient.netty.handler.HttpHandler - 

Request DefaultFullHttpRequest(decodeResult: success, version: HTTP/1.1, content: EmptyByteBufBE)
GET /session/0b95758974e30673851ad00f1abe9288/alert/text HTTP/1.1
User-Agent: selenium/4.8.1 (java windows)
Cache-Control: no-cache
Content-Type: application/json; charset=utf-8
host: localhost:29787
accept: */*

Response DefaultHttpResponse(decodeResult: success, version: HTTP/1.1)
HTTP/1.1 404 Not Found
Content-Length: 809
Content-Type: application/json; charset=utf-8
cache-control: no-cache

10:53:55.277 [AsyncHttpClient-1-2] DEBUG org.asynchttpclient.netty.channel.ChannelManager - Adding key: http://localhost:29787 for channel [id: 0x7575b2e1, L:/127.0.0.1:50817 - R:localhost/127.0.0.1:29787]
10:53:55.278 [Forwarding getCurrentUrl on session 0b95758974e30673851ad00f1abe9288 to remote] DEBUG org.asynchttpclient.netty.request.NettyRequestSender - Using pooled Channel '[id: 0x7575b2e1, L:/127.0.0.1:50817 - R:localhost/127.0.0.1:29787]' for 'GET' to 'http://localhost:29787/session/0b95758974e30673851ad00f1abe9288/url'
10:53:55.278 [Forwarding getCurrentUrl on session 0b95758974e30673851ad00f1abe9288 to remote] DEBUG org.asynchttpclient.netty.request.NettyRequestSender - Using open Channel [id: 0x7575b2e1, L:/127.0.0.1:50817 - R:localhost/127.0.0.1:29787] for GET '/session/0b95758974e30673851ad00f1abe9288/url'
10:53:55.283 [AsyncHttpClient-1-2] DEBUG org.asynchttpclient.netty.handler.HttpHandler - 

Request DefaultFullHttpRequest(decodeResult: success, version: HTTP/1.1, content: EmptyByteBufBE)
GET /session/0b95758974e30673851ad00f1abe9288/url HTTP/1.1
User-Agent: selenium/4.8.1 (java windows)
Cache-Control: no-cache
Content-Type: application/json; charset=utf-8
host: localhost:29787
accept: */*

Response DefaultHttpResponse(decodeResult: success, version: HTTP/1.1)
HTTP/1.1 200 OK
Content-Length: 38
Content-Type: application/json; charset=utf-8
cache-control: no-cache

10:53:55.283 [AsyncHttpClient-1-2] DEBUG org.asynchttpclient.netty.channel.ChannelManager - Adding key: http://localhost:29787 for channel [id: 0x7575b2e1, L:/127.0.0.1:50817 - R:localhost/127.0.0.1:29787]
10:53:55.286 [Forwarding screenshot on session 0b95758974e30673851ad00f1abe9288 to remote] DEBUG org.asynchttpclient.netty.request.NettyRequestSender - Using pooled Channel '[id: 0x7575b2e1, L:/127.0.0.1:50817 - R:localhost/127.0.0.1:29787]' for 'GET' to 'http://localhost:29787/session/0b95758974e30673851ad00f1abe9288/screenshot'
10:53:55.287 [Forwarding screenshot on session 0b95758974e30673851ad00f1abe9288 to remote] DEBUG org.asynchttpclient.netty.request.NettyRequestSender - Using open Channel [id: 0x7575b2e1, L:/127.0.0.1:50817 - R:localhost/127.0.0.1:29787] for GET '/session/0b95758974e30673851ad00f1abe9288/screenshot'
10:53:55.374 [AsyncHttpClient-1-2] DEBUG org.asynchttpclient.netty.handler.HttpHandler - 

Request DefaultFullHttpRequest(decodeResult: success, version: HTTP/1.1, content: EmptyByteBufBE)
GET /session/0b95758974e30673851ad00f1abe9288/screenshot HTTP/1.1
User-Agent: selenium/4.8.1 (java windows)
Cache-Control: no-cache
Content-Type: application/json; charset=utf-8
host: localhost:29787
accept: */*

Response DefaultHttpResponse(decodeResult: success, version: HTTP/1.1)
HTTP/1.1 200 OK
Content-Length: 36232
Content-Type: application/json; charset=utf-8
cache-control: no-cache

10:53:55.375 [AsyncHttpClient-1-2] DEBUG org.asynchttpclient.netty.channel.ChannelManager - Adding key: http://localhost:29787 for channel [id: 0x7575b2e1, L:/127.0.0.1:50817 - R:localhost/127.0.0.1:29787]
10:53:55.378 [main] DEBUG net.serenitybdd.core.photography.Darkroom - Send negative for processing for target\site\serenity\a39b3663ece54c6f9a54208c9b9e2aae4889c0f0b53ccfd5a8fe53ad8d22ec43.png
10:53:55.381 [Forwarding getPageSource on session 0b95758974e30673851ad00f1abe9288 to remote] DEBUG org.asynchttpclient.netty.request.NettyRequestSender - Using pooled Channel '[id: 0x7575b2e1, L:/127.0.0.1:50817 - R:localhost/127.0.0.1:29787]' for 'POST' to 'http://localhost:29787/session/0b95758974e30673851ad00f1abe9288/execute/sync'
10:53:55.381 [Forwarding getPageSource on session 0b95758974e30673851ad00f1abe9288 to remote] DEBUG org.asynchttpclient.netty.request.NettyRequestSender - Using open Channel [id: 0x7575b2e1, L:/127.0.0.1:50817 - R:localhost/127.0.0.1:29787] for POST '/session/0b95758974e30673851ad00f1abe9288/execute/sync'
10:53:55.388 [AsyncHttpClient-1-2] DEBUG org.asynchttpclient.netty.handler.HttpHandler - 

Request DefaultHttpRequest(decodeResult: success, version: HTTP/1.1)
POST /session/0b95758974e30673851ad00f1abe9288/execute/sync HTTP/1.1
User-Agent: selenium/4.8.1 (java windows)
Content-Length: 176
Content-Type: application/json; charset=utf-8
host: localhost:29787
accept: */*

Response DefaultHttpResponse(decodeResult: success, version: HTTP/1.1)
HTTP/1.1 200 OK
Content-Length: 4299
Content-Type: application/json; charset=utf-8
cache-control: no-cache

10:53:55.388 [AsyncHttpClient-1-2] DEBUG org.asynchttpclient.netty.channel.ChannelManager - Adding key: http://localhost:29787 for channel [id: 0x7575b2e1, L:/127.0.0.1:50817 - R:localhost/127.0.0.1:29787]
10:53:55.391 [Forwarding getCurrentUrl on session 0b95758974e30673851ad00f1abe9288 to remote] DEBUG org.asynchttpclient.netty.request.NettyRequestSender - Using pooled Channel '[id: 0x7575b2e1, L:/127.0.0.1:50817 - R:localhost/127.0.0.1:29787]' for 'GET' to 'http://localhost:29787/session/0b95758974e30673851ad00f1abe9288/url'
10:53:55.391 [Forwarding getCurrentUrl on session 0b95758974e30673851ad00f1abe9288 to remote] DEBUG org.asynchttpclient.netty.request.NettyRequestSender - Using open Channel [id: 0x7575b2e1, L:/127.0.0.1:50817 - R:localhost/127.0.0.1:29787] for GET '/session/0b95758974e30673851ad00f1abe9288/url'
10:53:55.397 [AsyncHttpClient-1-2] DEBUG org.asynchttpclient.netty.handler.HttpHandler - 

Request DefaultFullHttpRequest(decodeResult: success, version: HTTP/1.1, content: EmptyByteBufBE)
GET /session/0b95758974e30673851ad00f1abe9288/url HTTP/1.1
User-Agent: selenium/4.8.1 (java windows)
Cache-Control: no-cache
Content-Type: application/json; charset=utf-8
host: localhost:29787
accept: */*

Response DefaultHttpResponse(decodeResult: success, version: HTTP/1.1)
HTTP/1.1 200 OK
Content-Length: 38
Content-Type: application/json; charset=utf-8
cache-control: no-cache

10:53:55.398 [AsyncHttpClient-1-2] DEBUG org.asynchttpclient.netty.channel.ChannelManager - Adding key: http://localhost:29787 for channel [id: 0x7575b2e1, L:/127.0.0.1:50817 - R:localhost/127.0.0.1:29787]
10:53:55.400 [main] DEBUG net.thucydides.core.steps.StepInterceptor - STARTING STEP: LoginSteps.inputValidPassword - inputPassword
10:53:55.404 [Forwarding findElement on session 0b95758974e30673851ad00f1abe9288 to remote] DEBUG org.asynchttpclient.netty.request.NettyRequestSender - Using pooled Channel '[id: 0x7575b2e1, L:/127.0.0.1:50817 - R:localhost/127.0.0.1:29787]' for 'POST' to 'http://localhost:29787/session/0b95758974e30673851ad00f1abe9288/element'
10:53:55.404 [Forwarding findElement on session 0b95758974e30673851ad00f1abe9288 to remote] DEBUG org.asynchttpclient.netty.request.NettyRequestSender - Using open Channel [id: 0x7575b2e1, L:/127.0.0.1:50817 - R:localhost/127.0.0.1:29787] for POST '/session/0b95758974e30673851ad00f1abe9288/element'
10:53:55.420 [AsyncHttpClient-1-2] DEBUG org.asynchttpclient.netty.handler.HttpHandler - 

Request DefaultHttpRequest(decodeResult: success, version: HTTP/1.1)
POST /session/0b95758974e30673851ad00f1abe9288/element HTTP/1.1
User-Agent: selenium/4.8.1 (java windows)
Content-Length: 53
Content-Type: application/json; charset=utf-8
host: localhost:29787
accept: */*

Response DefaultHttpResponse(decodeResult: success, version: HTTP/1.1)
HTTP/1.1 200 OK
Content-Length: 88
Content-Type: application/json; charset=utf-8
cache-control: no-cache

10:53:55.420 [AsyncHttpClient-1-2] DEBUG org.asynchttpclient.netty.channel.ChannelManager - Adding key: http://localhost:29787 for channel [id: 0x7575b2e1, L:/127.0.0.1:50817 - R:localhost/127.0.0.1:29787]
10:53:55.422 [Forwarding clearElement on session 0b95758974e30673851ad00f1abe9288 to remote] DEBUG org.asynchttpclient.netty.request.NettyRequestSender - Using pooled Channel '[id: 0x7575b2e1, L:/127.0.0.1:50817 - R:localhost/127.0.0.1:29787]' for 'POST' to 'http://localhost:29787/session/0b95758974e30673851ad00f1abe9288/element/ae62ef8e-908c-4b17-b8f1-b0f515573443/clear'
10:53:55.422 [Forwarding clearElement on session 0b95758974e30673851ad00f1abe9288 to remote] DEBUG org.asynchttpclient.netty.request.NettyRequestSender - Using open Channel [id: 0x7575b2e1, L:/127.0.0.1:50817 - R:localhost/127.0.0.1:29787] for POST '/session/0b95758974e30673851ad00f1abe9288/element/ae62ef8e-908c-4b17-b8f1-b0f515573443/clear'
10:53:55.464 [AsyncHttpClient-1-2] DEBUG org.asynchttpclient.netty.handler.HttpHandler - 

Request DefaultHttpRequest(decodeResult: success, version: HTTP/1.1)
POST /session/0b95758974e30673851ad00f1abe9288/element/ae62ef8e-908c-4b17-b8f1-b0f515573443/clear HTTP/1.1
User-Agent: selenium/4.8.1 (java windows)
Content-Length: 50
Content-Type: application/json; charset=utf-8
host: localhost:29787
accept: */*

Response DefaultHttpResponse(decodeResult: success, version: HTTP/1.1)
HTTP/1.1 200 OK
Content-Length: 14
Content-Type: application/json; charset=utf-8
cache-control: no-cache

10:53:55.464 [AsyncHttpClient-1-2] DEBUG org.asynchttpclient.netty.channel.ChannelManager - Adding key: http://localhost:29787 for channel [id: 0x7575b2e1, L:/127.0.0.1:50817 - R:localhost/127.0.0.1:29787]
10:53:55.468 [Forwarding sendKeysToElement on session 0b95758974e30673851ad00f1abe9288 to remote] DEBUG org.asynchttpclient.netty.request.NettyRequestSender - Using pooled Channel '[id: 0x7575b2e1, L:/127.0.0.1:50817 - R:localhost/127.0.0.1:29787]' for 'POST' to 'http://localhost:29787/session/0b95758974e30673851ad00f1abe9288/element/ae62ef8e-908c-4b17-b8f1-b0f515573443/value'
10:53:55.468 [Forwarding sendKeysToElement on session 0b95758974e30673851ad00f1abe9288 to remote] DEBUG org.asynchttpclient.netty.request.NettyRequestSender - Using open Channel [id: 0x7575b2e1, L:/127.0.0.1:50817 - R:localhost/127.0.0.1:29787] for POST '/session/0b95758974e30673851ad00f1abe9288/element/ae62ef8e-908c-4b17-b8f1-b0f515573443/value'
10:53:55.564 [AsyncHttpClient-1-2] DEBUG org.asynchttpclient.netty.handler.HttpHandler - 

Request DefaultHttpRequest(decodeResult: success, version: HTTP/1.1)
POST /session/0b95758974e30673851ad00f1abe9288/element/ae62ef8e-908c-4b17-b8f1-b0f515573443/value HTTP/1.1
User-Agent: selenium/4.8.1 (java windows)
Content-Length: 201
Content-Type: application/json; charset=utf-8
host: localhost:29787
accept: */*

Response DefaultHttpResponse(decodeResult: success, version: HTTP/1.1)
HTTP/1.1 200 OK
Content-Length: 14
Content-Type: application/json; charset=utf-8
cache-control: no-cache

10:53:55.565 [AsyncHttpClient-1-2] DEBUG org.asynchttpclient.netty.channel.ChannelManager - Adding key: http://localhost:29787 for channel [id: 0x7575b2e1, L:/127.0.0.1:50817 - R:localhost/127.0.0.1:29787]
10:53:55.575 [Forwarding getAlertText on session 0b95758974e30673851ad00f1abe9288 to remote] DEBUG org.asynchttpclient.netty.request.NettyRequestSender - Using pooled Channel '[id: 0x7575b2e1, L:/127.0.0.1:50817 - R:localhost/127.0.0.1:29787]' for 'GET' to 'http://localhost:29787/session/0b95758974e30673851ad00f1abe9288/alert/text'
10:53:55.575 [Forwarding getAlertText on session 0b95758974e30673851ad00f1abe9288 to remote] DEBUG org.asynchttpclient.netty.request.NettyRequestSender - Using open Channel [id: 0x7575b2e1, L:/127.0.0.1:50817 - R:localhost/127.0.0.1:29787] for GET '/session/0b95758974e30673851ad00f1abe9288/alert/text'
10:53:55.577 [AsyncHttpClient-1-2] DEBUG org.asynchttpclient.netty.handler.HttpHandler - 

Request DefaultFullHttpRequest(decodeResult: success, version: HTTP/1.1, content: EmptyByteBufBE)
GET /session/0b95758974e30673851ad00f1abe9288/alert/text HTTP/1.1
User-Agent: selenium/4.8.1 (java windows)
Cache-Control: no-cache
Content-Type: application/json; charset=utf-8
host: localhost:29787
accept: */*

Response DefaultHttpResponse(decodeResult: success, version: HTTP/1.1)
HTTP/1.1 404 Not Found
Content-Length: 809
Content-Type: application/json; charset=utf-8
cache-control: no-cache

10:53:55.577 [AsyncHttpClient-1-2] DEBUG org.asynchttpclient.netty.channel.ChannelManager - Adding key: http://localhost:29787 for channel [id: 0x7575b2e1, L:/127.0.0.1:50817 - R:localhost/127.0.0.1:29787]
10:53:55.579 [Forwarding getCurrentUrl on session 0b95758974e30673851ad00f1abe9288 to remote] DEBUG org.asynchttpclient.netty.request.NettyRequestSender - Using pooled Channel '[id: 0x7575b2e1, L:/127.0.0.1:50817 - R:localhost/127.0.0.1:29787]' for 'GET' to 'http://localhost:29787/session/0b95758974e30673851ad00f1abe9288/url'
10:53:55.579 [Forwarding getCurrentUrl on session 0b95758974e30673851ad00f1abe9288 to remote] DEBUG org.asynchttpclient.netty.request.NettyRequestSender - Using open Channel [id: 0x7575b2e1, L:/127.0.0.1:50817 - R:localhost/127.0.0.1:29787] for GET '/session/0b95758974e30673851ad00f1abe9288/url'
10:53:55.583 [AsyncHttpClient-1-2] DEBUG org.asynchttpclient.netty.handler.HttpHandler - 

Request DefaultFullHttpRequest(decodeResult: success, version: HTTP/1.1, content: EmptyByteBufBE)
GET /session/0b95758974e30673851ad00f1abe9288/url HTTP/1.1
User-Agent: selenium/4.8.1 (java windows)
Cache-Control: no-cache
Content-Type: application/json; charset=utf-8
host: localhost:29787
accept: */*

Response DefaultHttpResponse(decodeResult: success, version: HTTP/1.1)
HTTP/1.1 200 OK
Content-Length: 38
Content-Type: application/json; charset=utf-8
cache-control: no-cache

10:53:55.584 [AsyncHttpClient-1-2] DEBUG org.asynchttpclient.netty.channel.ChannelManager - Adding key: http://localhost:29787 for channel [id: 0x7575b2e1, L:/127.0.0.1:50817 - R:localhost/127.0.0.1:29787]
10:53:55.586 [Forwarding screenshot on session 0b95758974e30673851ad00f1abe9288 to remote] DEBUG org.asynchttpclient.netty.request.NettyRequestSender - Using pooled Channel '[id: 0x7575b2e1, L:/127.0.0.1:50817 - R:localhost/127.0.0.1:29787]' for 'GET' to 'http://localhost:29787/session/0b95758974e30673851ad00f1abe9288/screenshot'
10:53:55.589 [Forwarding screenshot on session 0b95758974e30673851ad00f1abe9288 to remote] DEBUG org.asynchttpclient.netty.request.NettyRequestSender - Using open Channel [id: 0x7575b2e1, L:/127.0.0.1:50817 - R:localhost/127.0.0.1:29787] for GET '/session/0b95758974e30673851ad00f1abe9288/screenshot'
10:53:55.690 [AsyncHttpClient-1-2] DEBUG org.asynchttpclient.netty.handler.HttpHandler - 

Request DefaultFullHttpRequest(decodeResult: success, version: HTTP/1.1, content: EmptyByteBufBE)
GET /session/0b95758974e30673851ad00f1abe9288/screenshot HTTP/1.1
User-Agent: selenium/4.8.1 (java windows)
Cache-Control: no-cache
Content-Type: application/json; charset=utf-8
host: localhost:29787
accept: */*

Response DefaultHttpResponse(decodeResult: success, version: HTTP/1.1)
HTTP/1.1 200 OK
Content-Length: 34888
Content-Type: application/json; charset=utf-8
cache-control: no-cache

10:53:55.691 [AsyncHttpClient-1-2] DEBUG org.asynchttpclient.netty.channel.ChannelManager - Adding key: http://localhost:29787 for channel [id: 0x7575b2e1, L:/127.0.0.1:50817 - R:localhost/127.0.0.1:29787]
10:53:55.696 [main] DEBUG net.serenitybdd.core.photography.Darkroom - Send negative for processing for target\site\serenity\4ab2a81a0b4cee288b818879be424b1c1d28ad59954f2f715ea16d4c9e3dcdcc.png
10:53:55.697 [main] DEBUG net.thucydides.core.steps.StepInterceptor - STEP DONE: inputPassword
  &amp#27;[32mAnd &amp#27;[0m&amp#27;[32mI input valid password&amp#27;[0m                       &amp#27;[90m# starter.stepdefinitions.LoginSteps.inputValidPassword()&amp#27;[0m
10:53:55.697 [Darkroom Processing Line] DEBUG net.serenitybdd.core.photography.DarkroomProcessingLine - Processing screenshot image in /var/screenshots/screenshot-8336757072121467085
10:53:55.697 [Darkroom Processing Line] DEBUG net.serenitybdd.core.photography.DarkroomProcessingLine - Saving screenshot to target\site\serenity\4ab2a81a0b4cee288b818879be424b1c1d28ad59954f2f715ea16d4c9e3dcdcc.png
10:53:55.710 [Forwarding getPageSource on session 0b95758974e30673851ad00f1abe9288 to remote] DEBUG org.asynchttpclient.netty.request.NettyRequestSender - Using pooled Channel '[id: 0x7575b2e1, L:/127.0.0.1:50817 - R:localhost/127.0.0.1:29787]' for 'POST' to 'http://localhost:29787/session/0b95758974e30673851ad00f1abe9288/execute/sync'
10:53:55.711 [Forwarding getPageSource on session 0b95758974e30673851ad00f1abe9288 to remote] DEBUG org.asynchttpclient.netty.request.NettyRequestSender - Using open Channel [id: 0x7575b2e1, L:/127.0.0.1:50817 - R:localhost/127.0.0.1:29787] for POST '/session/0b95758974e30673851ad00f1abe9288/execute/sync'
10:53:55.716 [AsyncHttpClient-1-2] DEBUG org.asynchttpclient.netty.handler.HttpHandler - 

Request DefaultHttpRequest(decodeResult: success, version: HTTP/1.1)
POST /session/0b95758974e30673851ad00f1abe9288/execute/sync HTTP/1.1
User-Agent: selenium/4.8.1 (java windows)
Content-Length: 176
Content-Type: application/json; charset=utf-8
host: localhost:29787
accept: */*

Response DefaultHttpResponse(decodeResult: success, version: HTTP/1.1)
HTTP/1.1 200 OK
Content-Length: 4311
Content-Type: application/json; charset=utf-8
cache-control: no-cache

10:53:55.717 [AsyncHttpClient-1-2] DEBUG org.asynchttpclient.netty.channel.ChannelManager - Adding key: http://localhost:29787 for channel [id: 0x7575b2e1, L:/127.0.0.1:50817 - R:localhost/127.0.0.1:29787]
10:53:55.720 [Forwarding getCurrentUrl on session 0b95758974e30673851ad00f1abe9288 to remote] DEBUG org.asynchttpclient.netty.request.NettyRequestSender - Using pooled Channel '[id: 0x7575b2e1, L:/127.0.0.1:50817 - R:localhost/127.0.0.1:29787]' for 'GET' to 'http://localhost:29787/session/0b95758974e30673851ad00f1abe9288/url'
10:53:55.720 [Forwarding getCurrentUrl on session 0b95758974e30673851ad00f1abe9288 to remote] DEBUG org.asynchttpclient.netty.request.NettyRequestSender - Using open Channel [id: 0x7575b2e1, L:/127.0.0.1:50817 - R:localhost/127.0.0.1:29787] for GET '/session/0b95758974e30673851ad00f1abe9288/url'
10:53:55.729 [AsyncHttpClient-1-2] DEBUG org.asynchttpclient.netty.handler.HttpHandler - 

Request DefaultFullHttpRequest(decodeResult: success, version: HTTP/1.1, content: EmptyByteBufBE)
GET /session/0b95758974e30673851ad00f1abe9288/url HTTP/1.1
User-Agent: selenium/4.8.1 (java windows)
Cache-Control: no-cache
Content-Type: application/json; charset=utf-8
host: localhost:29787
accept: */*

Response DefaultHttpResponse(decodeResult: success, version: HTTP/1.1)
HTTP/1.1 200 OK
Content-Length: 38
Content-Type: application/json; charset=utf-8
cache-control: no-cache

10:53:55.729 [AsyncHttpClient-1-2] DEBUG org.asynchttpclient.netty.channel.ChannelManager - Adding key: http://localhost:29787 for channel [id: 0x7575b2e1, L:/127.0.0.1:50817 - R:localhost/127.0.0.1:29787]
10:53:55.756 [AsyncHttpClient-1-1] DEBUG org.asynchttpclient.netty.channel.DefaultChannelPool - Entry count for : http://localhost:50818 : 1
10:53:55.756 [AsyncHttpClient-1-1] DEBUG org.asynchttpclient.netty.channel.DefaultChannelPool - Entry count for : http://localhost:29787 : 1
10:53:55.816 [Forwarding getAlertText on session 0b95758974e30673851ad00f1abe9288 to remote] DEBUG org.asynchttpclient.netty.request.NettyRequestSender - Using pooled Channel '[id: 0x7575b2e1, L:/127.0.0.1:50817 - R:localhost/127.0.0.1:29787]' for 'GET' to 'http://localhost:29787/session/0b95758974e30673851ad00f1abe9288/alert/text'
10:53:55.816 [Forwarding getAlertText on session 0b95758974e30673851ad00f1abe9288 to remote] DEBUG org.asynchttpclient.netty.request.NettyRequestSender - Using open Channel [id: 0x7575b2e1, L:/127.0.0.1:50817 - R:localhost/127.0.0.1:29787] for GET '/session/0b95758974e30673851ad00f1abe9288/alert/text'
10:53:55.843 [AsyncHttpClient-1-2] DEBUG org.asynchttpclient.netty.handler.HttpHandler - 

Request DefaultFullHttpRequest(decodeResult: success, version: HTTP/1.1, content: EmptyByteBufBE)
GET /session/0b95758974e30673851ad00f1abe9288/alert/text HTTP/1.1
User-Agent: selenium/4.8.1 (java windows)
Cache-Control: no-cache
Content-Type: application/json; charset=utf-8
host: localhost:29787
accept: */*

Response DefaultHttpResponse(decodeResult: success, version: HTTP/1.1)
HTTP/1.1 404 Not Found
Content-Length: 809
Content-Type: application/json; charset=utf-8
cache-control: no-cache

10:53:55.843 [AsyncHttpClient-1-2] DEBUG org.asynchttpclient.netty.channel.ChannelManager - Adding key: http://localhost:29787 for channel [id: 0x7575b2e1, L:/127.0.0.1:50817 - R:localhost/127.0.0.1:29787]
10:53:55.845 [Forwarding getCurrentUrl on session 0b95758974e30673851ad00f1abe9288 to remote] DEBUG org.asynchttpclient.netty.request.NettyRequestSender - Using pooled Channel '[id: 0x7575b2e1, L:/127.0.0.1:50817 - R:localhost/127.0.0.1:29787]' for 'GET' to 'http://localhost:29787/session/0b95758974e30673851ad00f1abe9288/url'
10:53:55.845 [Forwarding getCurrentUrl on session 0b95758974e30673851ad00f1abe9288 to remote] DEBUG org.asynchttpclient.netty.request.NettyRequestSender - Using open Channel [id: 0x7575b2e1, L:/127.0.0.1:50817 - R:localhost/127.0.0.1:29787] for GET '/session/0b95758974e30673851ad00f1abe9288/url'
10:53:55.853 [AsyncHttpClient-1-2] DEBUG org.asynchttpclient.netty.handler.HttpHandler - 

Request DefaultFullHttpRequest(decodeResult: success, version: HTTP/1.1, content: EmptyByteBufBE)
GET /session/0b95758974e30673851ad00f1abe9288/url HTTP/1.1
User-Agent: selenium/4.8.1 (java windows)
Cache-Control: no-cache
Content-Type: application/json; charset=utf-8
host: localhost:29787
accept: */*

Response DefaultHttpResponse(decodeResult: success, version: HTTP/1.1)
HTTP/1.1 200 OK
Content-Length: 38
Content-Type: application/json; charset=utf-8
cache-control: no-cache

10:53:55.853 [AsyncHttpClient-1-2] DEBUG org.asynchttpclient.netty.channel.ChannelManager - Adding key: http://localhost:29787 for channel [id: 0x7575b2e1, L:/127.0.0.1:50817 - R:localhost/127.0.0.1:29787]
10:53:55.863 [Forwarding screenshot on session 0b95758974e30673851ad00f1abe9288 to remote] DEBUG org.asynchttpclient.netty.request.NettyRequestSender - Using pooled Channel '[id: 0x7575b2e1, L:/127.0.0.1:50817 - R:localhost/127.0.0.1:29787]' for 'GET' to 'http://localhost:29787/session/0b95758974e30673851ad00f1abe9288/screenshot'
10:53:55.863 [Forwarding screenshot on session 0b95758974e30673851ad00f1abe9288 to remote] DEBUG org.asynchttpclient.netty.request.NettyRequestSender - Using open Channel [id: 0x7575b2e1, L:/127.0.0.1:50817 - R:localhost/127.0.0.1:29787] for GET '/session/0b95758974e30673851ad00f1abe9288/screenshot'
10:53:56.002 [AsyncHttpClient-1-2] DEBUG org.asynchttpclient.netty.handler.HttpHandler - 

Request DefaultFullHttpRequest(decodeResult: success, version: HTTP/1.1, content: EmptyByteBufBE)
GET /session/0b95758974e30673851ad00f1abe9288/screenshot HTTP/1.1
User-Agent: selenium/4.8.1 (java windows)
Cache-Control: no-cache
Content-Type: application/json; charset=utf-8
[...]
10:53:56.935 [Forwarding getAlertText on session 0b95758974e30673851ad00f1abe9288 to remote] DEBUG org.asynchttpclient.netty.request.NettyRequestSender - Using pooled Channel '[id: 0x7575b2e1, L:/127.0.0.1:50817 - R:localhost/127.0.0.1:29787]' for 'GET' to 'http://localhost:29787/session/0b95758974e30673851ad00f1abe9288/alert/text'
10:53:56.935 [Forwarding getAlertText on session 0b95758974e30673851ad00f1abe9288 to remote] DEBUG org.asynchttpclient.netty.request.NettyRequestSender - Using open Channel [id: 0x7575b2e1, L:/127.0.0.1:50817 - R:localhost/127.0.0.1:29787] for GET '/session/0b95758974e30673851ad00f1abe9288/alert/text'
10:53:56.949 [AsyncHttpClient-1-2] DEBUG org.asynchttpclient.netty.handler.HttpHandler - 

Request DefaultFullHttpRequest(decodeResult: success, version: HTTP/1.1, content: EmptyByteBufBE)
GET /session/0b95758974e30673851ad00f1abe9288/alert/text HTTP/1.1
User-Agent: selenium/4.8.1 (java windows)
Cache-Control: no-cache
Content-Type: application/json; charset=utf-8
host: localhost:29787
accept: */*

Response DefaultHttpResponse(decodeResult: success, version: HTTP/1.1)
HTTP/1.1 404 Not Found
Content-Length: 809
Content-Type: application/json; charset=utf-8
cache-control: no-cache

10:53:56.955 [AsyncHttpClient-1-2] DEBUG org.asynchttpclient.netty.channel.ChannelManager - Adding key: http://localhost:29787 for channel [id: 0x7575b2e1, L:/127.0.0.1:50817 - R:localhost/127.0.0.1:29787]
10:53:56.958 [Forwarding getCurrentUrl on session 0b95758974e30673851ad00f1abe9288 to remote] DEBUG org.asynchttpclient.netty.request.NettyRequestSender - Using pooled Channel '[id: 0x7575b2e1, L:/127.0.0.1:50817 - R:localhost/127.0.0.1:29787]' for 'GET' to 'http://localhost:29787/session/0b95758974e30673851ad00f1abe9288/url'
10:53:56.959 [Forwarding getCurrentUrl on session 0b95758974e30673851ad00f1abe9288 to remote] DEBUG org.asynchttpclient.netty.request.NettyRequestSender - Using open Channel [id: 0x7575b2e1, L:/127.0.0.1:50817 - R:localhost/127.0.0.1:29787] for GET '/session/0b95758974e30673851ad00f1abe9288/url'
10:53:56.971 [AsyncHttpClient-1-2] DEBUG org.asynchttpclient.netty.handler.HttpHandler - 

Request DefaultFullHttpRequest(decodeResult: success, version: HTTP/1.1, content: EmptyByteBufBE)
GET /session/0b95758974e30673851ad00f1abe9288/url HTTP/1.1
User-Agent: selenium/4.8.1 (java windows)
Cache-Control: no-cache
Content-Type: application/json; charset=utf-8
host: localhost:29787
accept: */*

Response DefaultHttpResponse(decodeResult: success, version: HTTP/1.1)
HTTP/1.1 200 OK
Content-Length: 52
Content-Type: application/json; charset=utf-8
cache-control: no-cache

10:53:56.972 [AsyncHttpClient-1-2] DEBUG org.asynchttpclient.netty.channel.ChannelManager - Adding key: http://localhost:29787 for channel [id: 0x7575b2e1, L:/127.0.0.1:50817 - R:localhost/127.0.0.1:29787]
10:53:56.973 [Forwarding screenshot on session 0b95758974e30673851ad00f1abe9288 to remote] DEBUG org.asynchttpclient.netty.request.NettyRequestSender - Using pooled Channel '[id: 0x7575b2e1, L:/127.0.0.1:50817 - R:localhost/127.0.0.1:29787]' for 'GET' to 'http://localhost:29787/session/0b95758974e30673851ad00f1abe9288/screenshot'
10:53:56.973 [Forwarding screenshot on session 0b95758974e30673851ad00f1abe9288 to remote] DEBUG org.asynchttpclient.netty.request.NettyRequestSender - Using open Channel [id: 0x7575b2e1, L:/127.0.0.1:50817 - R:localhost/127.0.0.1:29787] for GET '/session/0b95758974e30673851ad00f1abe9288/screenshot'
10:53:57.080 [AsyncHttpClient-1-2] DEBUG org.asynchttpclient.netty.handler.HttpHandler - 

Request DefaultFullHttpRequest(decodeResult: success, version: HTTP/1.1, content: EmptyByteBufBE)
GET /session/0b95758974e30673851ad00f1abe9288/screenshot HTTP/1.1
User-Agent: selenium/4.8.1 (java windows)
Cache-Control: no-cache
Content-Type: application/json; charset=utf-8
host: localhost:29787
accept: */*

Response DefaultHttpResponse(decodeResult: success, version: HTTP/1.1)
HTTP/1.1 200 OK
Content-Length: 153756
Content-Type: application/json; charset=utf-8
cache-control: no-cache

10:53:57.081 [AsyncHttpClient-1-2] DEBUG org.asynchttpclient.netty.channel.ChannelManager - Adding key: http://localhost:29787 for channel [id: 0x7575b2e1, L:/127.0.0.1:50817 - R:localhost/127.0.0.1:29787]
10:53:57.089 [main] DEBUG net.serenitybdd.core.photography.Darkroom - Send negative for processing for target\site\serenity\3c913e5be268e491aa62b095a66d6f0a4afbfd77364995d749565e1c20f4a778.png
10:53:57.095 [Forwarding getPageSource on session 0b95758974e30673851ad00f1abe9288 to remote] DEBUG org.asynchttpclient.netty.request.NettyRequestSender - Using pooled Channel '[id: 0x7575b2e1, L:/127.0.0.1:50817 - R:localhost/127.0.0.1:29787]' for 'POST' to 'http://localhost:29787/session/0b95758974e30673851ad00f1abe9288/execute/sync'
10:53:57.095 [Forwarding getPageSource on session 0b95758974e30673851ad00f1abe9288 to remote] DEBUG org.asynchttpclient.netty.request.NettyRequestSender - Using open Channel [id: 0x7575b2e1, L:/127.0.0.1:50817 - R:localhost/127.0.0.1:29787] for POST '/session/0b95758974e30673851ad00f1abe9288/execute/sync'
10:53:57.102 [AsyncHttpClient-1-2] DEBUG org.asynchttpclient.netty.handler.HttpHandler - 

Request DefaultHttpRequest(decodeResult: success, version: HTTP/1.1)
POST /session/0b95758974e30673851ad00f1abe9288/execute/sync HTTP/1.1
User-Agent: selenium/4.8.1 (java windows)
Content-Length: 176
Content-Type: application/json; charset=utf-8
host: localhost:29787
accept: */*

Response DefaultHttpResponse(decodeResult: success, version: HTTP/1.1)
HTTP/1.1 200 OK
Content-Length: 16345
Content-Type: application/json; charset=utf-8
cache-control: no-cache

10:53:57.102 [AsyncHttpClient-1-2] DEBUG org.asynchttpclient.netty.channel.ChannelManager - Adding key: http://localhost:29787 for channel [id: 0x7575b2e1, L:/127.0.0.1:50817 - R:localhost/127.0.0.1:29787]
10:53:57.112 [Forwarding getCurrentUrl on session 0b95758974e30673851ad00f1abe9288 to remote] DEBUG org.asynchttpclient.netty.request.NettyRequestSender - Using pooled Channel '[id: 0x7575b2e1, L:/127.0.0.1:50817 - R:localhost/127.0.0.1:29787]' for 'GET' to 'http://localhost:29787/session/0b95758974e30673851ad00f1abe9288/url'
10:53:57.112 [Forwarding getCurrentUrl on session 0b95758974e30673851ad00f1abe9288 to remote] DEBUG org.asynchttpclient.netty.request.NettyRequestSender - Using open Channel [id: 0x7575b2e1, L:/127.0.0.1:50817 - R:localhost/127.0.0.1:29787] for GET '/session/0b95758974e30673851ad00f1abe9288/url'
10:53:57.117 [AsyncHttpClient-1-2] DEBUG org.asynchttpclient.netty.handler.HttpHandler - 

Request DefaultFullHttpRequest(decodeResult: success, version: HTTP/1.1, content: EmptyByteBufBE)
GET /session/0b95758974e30673851ad00f1abe9288/url HTTP/1.1
User-Agent: selenium/4.8.1 (java windows)
Cache-Control: no-cache
Content-Type: application/json; charset=utf-8
host: localhost:29787
accept: */*

Response DefaultHttpResponse(decodeResult: success, version: HTTP/1.1)
HTTP/1.1 200 OK
Content-Length: 52
Content-Type: application/json; charset=utf-8
cache-control: no-cache

10:53:57.118 [AsyncHttpClient-1-2] DEBUG org.asynchttpclient.netty.channel.ChannelManager - Adding key: http://localhost:29787 for channel [id: 0x7575b2e1, L:/127.0.0.1:50817 - R:localhost/127.0.0.1:29787]
10:53:57.120 [main] DEBUG net.thucydides.core.steps.StepInterceptor - STARTING STEP: LoginSteps.onTheHomePage - validateOnHomePage
10:53:57.124 [Forwarding findElement on session 0b95758974e30673851ad00f1abe9288 to remote] DEBUG org.asynchttpclient.netty.request.NettyRequestSender - Using pooled Channel '[id: 0x7575b2e1, L:/127.0.0.1:50817 - R:localhost/127.0.0.1:29787]' for 'POST' to 'http://localhost:29787/session/0b95758974e30673851ad00f1abe9288/element'
10:53:57.124 [Forwarding findElement on session 0b95758974e30673851ad00f1abe9288 to remote] DEBUG org.asynchttpclient.netty.request.NettyRequestSender - Using open Channel [id: 0x7575b2e1, L:/127.0.0.1:50817 - R:localhost/127.0.0.1:29787] for POST '/session/0b95758974e30673851ad00f1abe9288/element'
10:53:57.143 [AsyncHttpClient-1-2] DEBUG org.asynchttpclient.netty.handler.HttpHandler - 

Request DefaultHttpRequest(decodeResult: success, version: HTTP/1.1)
POST /session/0b95758974e30673851ad00f1abe9288/element HTTP/1.1
User-Agent: selenium/4.8.1 (java windows)
Content-Length: 50
Content-Type: application/json; charset=utf-8
host: localhost:29787
accept: */*

Response DefaultHttpResponse(decodeResult: success, version: HTTP/1.1)
HTTP/1.1 200 OK
Content-Length: 88
Content-Type: application/json; charset=utf-8
cache-control: no-cache

10:53:57.143 [AsyncHttpClient-1-2] DEBUG org.asynchttpclient.netty.channel.ChannelManager - Adding key: http://localhost:29787 for channel [id: 0x7575b2e1, L:/127.0.0.1:50817 - R:localhost/127.0.0.1:29787]
10:53:57.150 [Forwarding isElementDisplayed on session 0b95758974e30673851ad00f1abe9288 to remote] DEBUG org.asynchttpclient.netty.request.NettyRequestSender - Using pooled Channel '[id: 0x7575b2e1, L:/127.0.0.1:50817 - R:localhost/127.0.0.1:29787]' for 'POST' to 'http://localhost:29787/session/0b95758974e30673851ad00f1abe9288/execute/sync'
10:53:57.150 [Forwarding isElementDisplayed on session 0b95758974e30673851ad00f1abe9288 to remote] DEBUG org.asynchttpclient.netty.request.NettyRequestSender - Using open Channel [id: 0x7575b2e1, L:/127.0.0.1:50817 - R:localhost/127.0.0.1:29787] for POST '/session/0b95758974e30673851ad00f1abe9288/execute/sync'
10:53:57.175 [AsyncHttpClient-1-2] DEBUG org.asynchttpclient.netty.handler.HttpHandler - 

Request DefaultHttpRequest(decodeResult: success, version: HTTP/1.1)
POST /session/0b95758974e30673851ad00f1abe9288/execute/sync HTTP/1.1
User-Agent: selenium/4.8.1 (java windows)
Content-Length: 48807
Content-Type: application/json; charset=utf-8
host: localhost:29787
accept: */*

Response DefaultHttpResponse(decodeResult: success, version: HTTP/1.1)
HTTP/1.1 200 OK
Content-Length: 14
Content-Type: application/json; charset=utf-8
cache-control: no-cache

10:53:57.175 [AsyncHttpClient-1-2] DEBUG org.asynchttpclient.netty.channel.ChannelManager - Adding key: http://localhost:29787 for channel [id: 0x7575b2e1, L:/127.0.0.1:50817 - R:localhost/127.0.0.1:29787]
10:53:57.181 [Forwarding getAlertText on session 0b95758974e30673851ad00f1abe9288 to remote] DEBUG org.asynchttpclient.netty.request.NettyRequestSender - Using pooled Channel '[id: 0x7575b2e1, L:/127.0.0.1:50817 - R:localhost/127.0.0.1:29787]' for 'GET' to 'http://localhost:29787/session/0b95758974e30673851ad00f1abe9288/alert/text'
10:53:57.181 [Forwarding getAlertText on session 0b95758974e30673851ad00f1abe9288 to remote] DEBUG org.asynchttpclient.netty.request.NettyRequestSender - Using open Channel [id: 0x7575b2e1, L:/127.0.0.1:50817 - R:localhost/127.0.0.1:29787] for GET '/session/0b95758974e30673851ad00f1abe9288/alert/text'
10:53:57.183 [AsyncHttpClient-1-2] DEBUG org.asynchttpclient.netty.handler.HttpHandler - 

Request DefaultFullHttpRequest(decodeResult: success, version: HTTP/1.1, content: EmptyByteBufBE)
GET /session/0b95758974e30673851ad00f1abe9288/alert/text HTTP/1.1
User-Agent: selenium/4.8.1 (java windows)
Cache-Control: no-cache
Content-Type: application/json; charset=utf-8
host: localhost:29787
accept: */*

Response DefaultHttpResponse(decodeResult: success, version: HTTP/1.1)
HTTP/1.1 404 Not Found
Content-Length: 809
Content-Type: application/json; charset=utf-8
cache-control: no-cache

10:53:57.183 [AsyncHttpClient-1-2] DEBUG org.asynchttpclient.netty.channel.ChannelManager - Adding key: http://localhost:29787 for channel [id: 0x7575b2e1, L:/127.0.0.1:50817 - R:localhost/127.0.0.1:29787]
10:53:57.185 [Forwarding getCurrentUrl on session 0b95758974e30673851ad00f1abe9288 to remote] DEBUG org.asynchttpclient.netty.request.NettyRequestSender - Using pooled Channel '[id: 0x7575b2e1, L:/127.0.0.1:50817 - R:localhost/127.0.0.1:29787]' for 'GET' to 'http://localhost:29787/session/0b95758974e30673851ad00f1abe9288/url'
10:53:57.185 [Forwarding getCurrentUrl on session 0b95758974e30673851ad00f1abe9288 to remote] DEBUG org.asynchttpclient.netty.request.NettyRequestSender - Using open Channel [id: 0x7575b2e1, L:/127.0.0.1:50817 - R:localhost/127.0.0.1:29787] for GET '/session/0b95758974e30673851ad00f1abe9288/url'
10:53:57.191 [AsyncHttpClient-1-2] DEBUG org.asynchttpclient.netty.handler.HttpHandler - 

Request DefaultFullHttpRequest(decodeResult: success, version: HTTP/1.1, content: EmptyByteBufBE)
GET /session/0b95758974e30673851ad00f1abe9288/url HTTP/1.1
User-Agent: selenium/4.8.1 (java windows)
Cache-Control: no-cache
Content-Type: application/json; charset=utf-8
host: localhost:29787
accept: */*

Response DefaultHttpResponse(decodeResult: success, version: HTTP/1.1)
HTTP/1.1 200 OK
Content-Length: 52
Content-Type: application/json; charset=utf-8
cache-control: no-cache

10:53:57.191 [AsyncHttpClient-1-2] DEBUG org.asynchttpclient.netty.channel.ChannelManager - Adding key: http://localhost:29787 for channel [id: 0x7575b2e1, L:/127.0.0.1:50817 - R:localhost/127.0.0.1:29787]
10:53:57.192 [Forwarding screenshot on session 0b95758974e30673851ad00f1abe9288 to remote] DEBUG org.asynchttpclient.netty.request.NettyRequestSender - Using pooled Channel '[id: 0x7575b2e1, L:/127.0.0.1:50817 - R:localhost/127.0.0.1:29787]' for 'GET' to 'http://localhost:29787/session/0b95758974e30673851ad00f1abe9288/screenshot'
10:53:57.193 [Forwarding screenshot on session 0b95758974e30673851ad00f1abe9288 to remote] DEBUG org.asynchttpclient.netty.request.NettyRequestSender - Using open Channel [id: 0x7575b2e1, L:/127.0.0.1:50817 - R:localhost/127.0.0.1:29787] for GET '/session/0b95758974e30673851ad00f1abe9288/screenshot'
10:53:57.291 [AsyncHttpClient-1-2] DEBUG org.asynchttpclient.netty.handler.HttpHandler - 

Request DefaultFullHttpRequest(decodeResult: success, version: HTTP/1.1, content: EmptyByteBufBE)
GET /session/0b95758974e30673851ad00f1abe9288/screenshot HTTP/1.1
User-Agent: selenium/4.8.1 (java windows)
Cache-Control: no-cache
Content-Type: application/json; charset=utf-8
host: localhost:29787
accept: */*

Response DefaultHttpResponse(decodeResult: success, version: HTTP/1.1)
HTTP/1.1 200 OK
Content-Length: 153756
Content-Type: application/json; charset=utf-8
cache-control: no-cache

10:53:57.292 [AsyncHttpClient-1-2] DEBUG org.asynchttpclient.netty.channel.ChannelManager - Adding key: http://localhost:29787 for channel [id: 0x7575b2e1, L:/127.0.0.1:50817 - R:localhost/127.0.0.1:29787]
10:53:57.296 [main] DEBUG net.serenitybdd.core.photography.Darkroom - Send negative for processing for target\site\serenity\3c913e5be268e491aa62b095a66d6f0a4afbfd77364995d749565e1c20f4a778.png
10:53:57.297 [main] DEBUG net.thucydides.core.steps.StepInterceptor - STEP DONE: validateOnHomePage
  &amp#27;[32mThen &amp#27;[0m&amp#27;[32mI am on the home page&amp#27;[0m                       &amp#27;[90m# starter.stepdefinitions.LoginSteps.onTheHomePage()&amp#27;[0m
10:53:57.307 [main] INFO  - 
  _____   ___   ___   _____     ___     _     ___   ___   ___   ___  
 |_   _| | __| / __| |_   _|   | _ \   /_\   / __| / __| | __| |   \ 
   | |   | _|  \__ \   | |     |  _/  / _ \  \__ \ \__ \ | _|  | |) |
   |_|   |___| |___/   |_|     |_|   /_/ \_\ |___/ |___/ |___| |___/ 

As user, I have be able to success login
----------------------------------------------------------------------
10:53:57.375 [Driver Command Executor] DEBUG org.asynchttpclient.netty.request.NettyRequestSender - Using pooled Channel '[id: 0x7575b2e1, L:/127.0.0.1:50817 - R:localhost/127.0.0.1:29787]' for 'DELETE' to 'http://localhost:29787/session/0b95758974e30673851ad00f1abe9288'
10:53:57.375 [Driver Command Executor] DEBUG org.asynchttpclient.netty.request.NettyRequestSender - Using open Channel [id: 0x7575b2e1, L:/127.0.0.1:50817 - R:localhost/127.0.0.1:29787] for DELETE '/session/0b95758974e30673851ad00f1abe9288'
10:53:57.378 [AsyncHttpClient-1-4] DEBUG org.asynchttpclient.netty.handler.WebSocketHandler - Channel Closed: [id: 0x6e97d567, L:/127.0.0.1:50825 ! R:localhost/127.0.0.1:50818] with attribute NettyResponseFuture{currentRetry=0,
	isDone=1,
	isCancelled=0,
	asyncHandler=org.asynchttpclient.ws.WebSocketUpgradeHandler@3127dd4,
	nettyRequest=org.asynchttpclient.netty.request.NettyRequest@14f5c300,
	future=java.util.concurrent.CompletableFuture@17a77323[Completed normally],
	uri=ws://localhost:50818/devtools/browser/ef074153-c845-4387-b55a-debbbb1e959a,
	keepAlive=true,
	redirectCount=0,
	timeoutsHolder=null,
	inAuth=0,
	touch=1680321231425}
10:53:57.378 [AsyncHttpClient-1-4] DEBUG org.asynchttpclient.netty.channel.ChannelManager - Closing Channel [id: 0x6e97d567, L:/127.0.0.1:50825 ! R:localhost/127.0.0.1:50818] 
10:53:57.724 [AsyncHttpClient-1-3] DEBUG org.asynchttpclient.netty.handler.HttpHandler - Unexpected I/O exception on channel [id: 0x9dc8794f, L:/127.0.0.1:50824 - R:localhost/127.0.0.1:50818]
java.net.SocketException: Connection reset
	at java.base/sun.nio.ch.SocketChannelImpl.throwConnectionReset(SocketChannelImpl.java:401)
	at java.base/sun.nio.ch.SocketChannelImpl.read(SocketChannelImpl.java:434)
	at io.netty.buffer.PooledByteBuf.setBytes(PooledByteBuf.java:259)
	at io.netty.buffer.AbstractByteBuf.writeBytes(AbstractByteBuf.java:1132)
	at io.netty.channel.socket.nio.NioSocketChannel.doReadBytes(NioSocketChannel.java:357)
	at io.netty.channel.nio.AbstractNioByteChannel$NioByteUnsafe.read(AbstractNioByteChannel.java:151)
	at io.netty.channel.nio.NioEventLoop.processSelectedKey(NioEventLoop.java:788)
	at io.netty.channel.nio.NioEventLoop.processSelectedKeysOptimized(NioEventLoop.java:724)
	at io.netty.channel.nio.NioEventLoop.processSelectedKeys(NioEventLoop.java:650)
	at io.netty.channel.nio.NioEventLoop.run(NioEventLoop.java:562)
	at io.netty.util.concurrent.SingleThreadEventExecutor$4.run(SingleThreadEventExecutor.java:997)
	at io.netty.util.internal.ThreadExecutorMap$2.run(ThreadExecutorMap.java:74)
	at io.netty.util.concurrent.FastThreadLocalRunnable.run(FastThreadLocalRunnable.java:30)
	at java.base/java.lang.Thread.run(Thread.java:1589)
10:53:57.724 [AsyncHttpClient-1-3] DEBUG org.asynchttpclient.netty.channel.ChannelManager - Closing Channel [id: 0x9dc8794f, L:/127.0.0.1:50824 - R:localhost/127.0.0.1:50818] 
10:53:57.726 [AsyncHttpClient-1-3] DEBUG org.asynchttpclient.netty.handler.HttpHandler - Channel Closed: [id: 0x9dc8794f, L:/127.0.0.1:50824 ! R:localhost/127.0.0.1:50818] with attribute DISCARD
10:53:57.774 [AsyncHttpClient-1-2] DEBUG org.asynchttpclient.netty.handler.HttpHandler - 

Request DefaultFullHttpRequest(decodeResult: success, version: HTTP/1.1, content: EmptyByteBufBE)
DELETE /session/0b95758974e30673851ad00f1abe9288 HTTP/1.1
User-Agent: selenium/4.8.1 (java windows)
Content-Type: application/json; charset=utf-8
host: localhost:29787
accept: */*

Response DefaultHttpResponse(decodeResult: success, version: HTTP/1.1)
HTTP/1.1 200 OK
Content-Length: 14
Content-Type: application/json; charset=utf-8
cache-control: no-cache

10:53:57.775 [AsyncHttpClient-1-2] DEBUG org.asynchttpclient.netty.channel.ChannelManager - Adding key: http://localhost:29787 for channel [id: 0x7575b2e1, L:/127.0.0.1:50817 - R:localhost/127.0.0.1:29787]
10:53:57.864 [AsyncHttpClient-1-2] DEBUG org.asynchttpclient.netty.handler.HttpHandler - Channel Closed: [id: 0x7575b2e1, L:/127.0.0.1:50817 ! R:localhost/127.0.0.1:29787] with attribute DISCARD
]]></system-out>
    <system-err><![CDATA[Starting ChromeDriver 111.0.5563.64 (c710e93d5b63b7095afe8c2c17df34408078439d-refs/branch-heads/5563@{#995}) on port 29787
Only local connections are allowed.
Please see https://chromedriver.chromium.org/security-considerations for suggestions on keeping ChromeDriver safe.
ChromeDriver was started successfully.
Apr 01, 2023 10:53:51 AM org.openqa.selenium.devtools.CdpVersionFinder findNearestMatch
WARNING: Unable to find an exact match for CDP version 111, so returning the closest version found: 110
]]></system-err>
  </testcase>
</testsuite>